<?xml version="1.0" encoding="UTF-8"?>
<testsuites name="All Testcase" time="338.941" tests="28" failures="0" errors="0">
   <testsuite name="All Testcase" tests="28" failures="0" errors="0" time="338.941" skipped="0" timestamp="2023-01-08 19:40:19" hostname="Fajar Triady Putra - MSI" id="Test Suites/All Testcase">
      <properties>
         <property name="deviceName" value=""/>
         <property name="devicePlatform" value=""/>
         <property name="logFolder" value="C:\\Users\\Fajar Triady Putra\\git\\ui-automation\\Reports\\20230108_194008\\All Testcase\\20230108_194008"/>
         <property name="logFiles" value="C:\\Users\\Fajar Triady Putra\\git\\ui-automation\\Reports\\20230108_194008\\All Testcase\\20230108_194008\\execution0.log"/>
         <property name="attachments" value=""/>
         <property name="hostName" value="Fajar Triady Putra - MSI"/>
         <property name="os" value="Windows 10 64bit"/>
         <property name="katalonVersion" value="8.4.1.208"/>
         <property name="browser" value="Chrome 108.0.0.0"/>
         <property name="hostAddress" value="192.168.1.4"/>
         <property name="sessionId" value="d721203eb9cfadd6d27db79b1bfee3ad"/>
         <property name="seleniumVersion" value="3.141.59"/>
         <property name="proxyInformation" value="ProxyInformation { proxyOption=NO_PROXY, proxyServerType=HTTP, username=, password=********, proxyServerAddress=, proxyServerPort=0, executionList=&quot;&quot;, isApplyToDesiredCapabilities=true }"/>
         <property name="platform" value="Windows 10"/>
      </properties>
      <testcase name="Test Cases/Module-Login/Login - Call" time="10.074" classname="Test Cases/Module-Login/Login - Call" status="PASSED">
         <system-out><![CDATA[2023-01-08 19:40:20 - [TEST_CASE][PASSED] - Test Cases/Module-Login/Login - Call: Test Cases/Module-Login/Login - Call

2023-01-08 19:40:20 - [TEST_STEP][PASSED] - openBrowser(""): Browser is opened with url: ''

2023-01-08 19:40:21 - [MESSAGE][INFO] - Starting 'Chrome' driver

2023-01-08 19:40:21 - [MESSAGE][INFO] - Action delay is set to 0 milliseconds

2023-01-08 19:40:24 - [MESSAGE][PASSED] - Browser is opened with url: ''

2023-01-08 19:40:24 - [TEST_STEP][PASSED] - navigateToUrl("https://www.saucedemo.com/"): Navigate to 'https://www.saucedemo.com/' successfully

2023-01-08 19:40:24 - [MESSAGE][PASSED] - Navigate to 'https://www.saucedemo.com/' successfully

2023-01-08 19:40:24 - [TEST_STEP][PASSED] - setText(findTestObject("Login_Page/username"), username1): Text 'standard_user' is set on object 'Object Repository/Login_Page/username'

2023-01-08 19:40:25 - [MESSAGE][PASSED] - Text 'standard_user' is set on object 'Object Repository/Login_Page/username'

2023-01-08 19:40:25 - [TEST_STEP][PASSED] - setEncryptedText(findTestObject("Login_Page/password"), "qcu24s4901FyWDTwXGr6XA=="): Text ****** has been set on object 'Object Repository/Login_Page/password'

2023-01-08 19:40:26 - [MESSAGE][PASSED] - Text ****** has been set on object 'Object Repository/Login_Page/password'

2023-01-08 19:40:26 - [TEST_STEP][PASSED] - click(findTestObject("Login_Page/btn_login")): Object: 'Object Repository/Login_Page/btn_login' is clicked on

2023-01-08 19:40:27 - [MESSAGE][PASSED] - Object: 'Object Repository/Login_Page/btn_login' is clicked on

2023-01-08 19:40:27 - [TEST_STEP][PASSED] - delay(3): Delayed 3 second(s)

2023-01-08 19:40:30 - [MESSAGE][PASSED] - Delayed 3 second(s)]]></system-out>
         <system-err><![CDATA[]]></system-err>
      </testcase>
      <testcase name="Test Cases/Module-Login/Login - Empty Login" time="7.306" classname="Test Cases/Module-Login/Login - Empty Login" status="PASSED">
         <system-out><![CDATA[2023-01-08 19:40:30 - [TEST_CASE][PASSED] - Test Cases/Module-Login/Login - Empty Login: Test Cases/Module-Login/Login - Empty Login

2023-01-08 19:40:30 - [TEST_STEP][PASSED] - openBrowser(""): Browser is opened with url: ''

2023-01-08 19:40:30 - [MESSAGE][WARNING] - A browser is already opened. Closing browser and opening a new one

2023-01-08 19:40:31 - [MESSAGE][INFO] - Starting 'Chrome' driver

2023-01-08 19:40:31 - [MESSAGE][INFO] - Action delay is set to 0 milliseconds

2023-01-08 19:40:32 - [MESSAGE][PASSED] - Browser is opened with url: ''

2023-01-08 19:40:32 - [TEST_STEP][PASSED] - navigateToUrl("https://www.saucedemo.com/"): Navigate to 'https://www.saucedemo.com/' successfully

2023-01-08 19:40:33 - [MESSAGE][PASSED] - Navigate to 'https://www.saucedemo.com/' successfully

2023-01-08 19:40:33 - [TEST_STEP][PASSED] - setEncryptedText(findTestObject("Login_Page/password"), "qcu24s4901FyWDTwXGr6XA=="): Text ****** has been set on object 'Object Repository/Login_Page/password'

2023-01-08 19:40:33 - [MESSAGE][PASSED] - Text ****** has been set on object 'Object Repository/Login_Page/password'

2023-01-08 19:40:33 - [TEST_STEP][PASSED] - click(findTestObject("Login_Page/btn_login")): Object: 'Object Repository/Login_Page/btn_login' is clicked on

2023-01-08 19:40:34 - [MESSAGE][PASSED] - Object: 'Object Repository/Login_Page/btn_login' is clicked on

2023-01-08 19:40:34 - [TEST_STEP][PASSED] - verifyElementPresent(findTestObject("err-message/err-empty_username"), 5): Object 'Object Repository/err-message/err-empty_username' is present

2023-01-08 19:40:34 - [MESSAGE][PASSED] - Object 'Object Repository/err-message/err-empty_username' is present

2023-01-08 19:40:34 - [TEST_STEP][PASSED] - refresh(STOP_ON_FAILURE): Refresh successfully

2023-01-08 19:40:34 - [MESSAGE][PASSED] - Refresh successfully

2023-01-08 19:40:34 - [TEST_STEP][PASSED] - setText(findTestObject("Login_Page/username"), "standard_user"): Text 'standard_user' is set on object 'Object Repository/Login_Page/username'

2023-01-08 19:40:35 - [MESSAGE][PASSED] - Text 'standard_user' is set on object 'Object Repository/Login_Page/username'

2023-01-08 19:40:35 - [TEST_STEP][PASSED] - click(findTestObject("Login_Page/btn_login")): Object: 'Object Repository/Login_Page/btn_login' is clicked on

2023-01-08 19:40:36 - [MESSAGE][PASSED] - Object: 'Object Repository/Login_Page/btn_login' is clicked on

2023-01-08 19:40:36 - [TEST_STEP][PASSED] - verifyElementPresent(findTestObject("err-message/err-empty_password"), 5): Object 'Object Repository/err-message/err-empty_password' is present

2023-01-08 19:40:36 - [MESSAGE][PASSED] - Object 'Object Repository/err-message/err-empty_password' is present

2023-01-08 19:40:36 - [TEST_STEP][PASSED] - closeBrowser(STOP_ON_FAILURE): Browser is closed

2023-01-08 19:40:37 - [MESSAGE][PASSED] - Browser is closed]]></system-out>
         <system-err><![CDATA[]]></system-err>
      </testcase>
      <testcase name="Test Cases/Module-Login/Login - Must log in before entering any page" time="3.435" classname="Test Cases/Module-Login/Login - Must log in before entering any page" status="PASSED">
         <system-out><![CDATA[2023-01-08 19:40:37 - [TEST_CASE][PASSED] - Test Cases/Module-Login/Login - Must log in before entering any page: Test Cases/Module-Login/Login - Must log in before entering any page

2023-01-08 19:40:37 - [TEST_STEP][PASSED] - openBrowser(""): Browser is opened with url: ''

2023-01-08 19:40:37 - [MESSAGE][INFO] - Starting 'Chrome' driver

2023-01-08 19:40:37 - [MESSAGE][INFO] - Action delay is set to 0 milliseconds

2023-01-08 19:40:39 - [MESSAGE][PASSED] - Browser is opened with url: ''

2023-01-08 19:40:39 - [TEST_STEP][PASSED] - navigateToUrl("https://www.saucedemo.com/inventory.html"): Navigate to 'https://www.saucedemo.com/inventory.html' successfully

2023-01-08 19:40:39 - [MESSAGE][PASSED] - Navigate to 'https://www.saucedemo.com/inventory.html' successfully

2023-01-08 19:40:39 - [TEST_STEP][PASSED] - verifyElementPresent(findTestObject("err-message/err-error_routes"), 0): Object 'Object Repository/err-message/err-error_routes' is present

2023-01-08 19:40:39 - [MESSAGE][WARNING] - Timeout '0' is invalid. Using default page load timeout: '30'

2023-01-08 19:40:40 - [MESSAGE][PASSED] - Object 'Object Repository/err-message/err-error_routes' is present

2023-01-08 19:40:40 - [TEST_STEP][PASSED] - closeBrowser(STOP_ON_FAILURE): Browser is closed

2023-01-08 19:40:40 - [MESSAGE][PASSED] - Browser is closed]]></system-out>
         <system-err><![CDATA[]]></system-err>
      </testcase>
      <testcase name="Test Cases/Module-Login/Login - Open website" time="5.517" classname="Test Cases/Module-Login/Login - Open website" status="PASSED">
         <system-out><![CDATA[2023-01-08 19:40:40 - [TEST_CASE][PASSED] - Test Cases/Module-Login/Login - Open website: Test Cases/Module-Login/Login - Open website

2023-01-08 19:40:41 - [TEST_STEP][PASSED] - openBrowser(""): Browser is opened with url: ''

2023-01-08 19:40:41 - [MESSAGE][INFO] - Starting 'Chrome' driver

2023-01-08 19:40:41 - [MESSAGE][INFO] - Action delay is set to 0 milliseconds

2023-01-08 19:40:42 - [MESSAGE][PASSED] - Browser is opened with url: ''

2023-01-08 19:40:42 - [TEST_STEP][PASSED] - navigateToUrl("https://www.saucedemo.com/"): Navigate to 'https://www.saucedemo.com/' successfully

2023-01-08 19:40:43 - [MESSAGE][PASSED] - Navigate to 'https://www.saucedemo.com/' successfully

2023-01-08 19:40:43 - [TEST_STEP][PASSED] - verifyElementPresent(findTestObject("Login_Page/username"), 0): Object 'Object Repository/Login_Page/username' is present

2023-01-08 19:40:43 - [MESSAGE][WARNING] - Timeout '0' is invalid. Using default page load timeout: '30'

2023-01-08 19:40:43 - [MESSAGE][PASSED] - Object 'Object Repository/Login_Page/username' is present

2023-01-08 19:40:43 - [TEST_STEP][PASSED] - verifyElementPresent(findTestObject("Login_Page/password"), 0): Object 'Object Repository/Login_Page/password' is present

2023-01-08 19:40:43 - [MESSAGE][WARNING] - Timeout '0' is invalid. Using default page load timeout: '30'

2023-01-08 19:40:44 - [MESSAGE][PASSED] - Object 'Object Repository/Login_Page/password' is present

2023-01-08 19:40:44 - [TEST_STEP][PASSED] - verifyElementPresent(findTestObject("Login_Page/btn_login"), 0): Object 'Object Repository/Login_Page/btn_login' is present

2023-01-08 19:40:44 - [MESSAGE][WARNING] - Timeout '0' is invalid. Using default page load timeout: '30'

2023-01-08 19:40:44 - [MESSAGE][PASSED] - Object 'Object Repository/Login_Page/btn_login' is present

2023-01-08 19:40:44 - [TEST_STEP][PASSED] - verifyElementClickable(findTestObject("Login_Page/btn_login")): Object 'Object Repository/Login_Page/btn_login' is clickable

2023-01-08 19:40:44 - [MESSAGE][PASSED] - Object 'Object Repository/Login_Page/btn_login' is clickable

2023-01-08 19:40:44 - [TEST_STEP][PASSED] - verifyElementVisible(findTestObject("Login_Page/header")): Object 'Object Repository/Login_Page/header' is visible

2023-01-08 19:40:45 - [MESSAGE][PASSED] - Object 'Object Repository/Login_Page/header' is visible

2023-01-08 19:40:45 - [TEST_STEP][PASSED] - verifyElementVisible(findTestObject("Login_Page/footer")): Object 'Object Repository/Login_Page/footer' is visible

2023-01-08 19:40:45 - [MESSAGE][PASSED] - Object 'Object Repository/Login_Page/footer' is visible

2023-01-08 19:40:45 - [TEST_STEP][PASSED] - closeBrowser(): Browser is closed

2023-01-08 19:40:46 - [MESSAGE][PASSED] - Browser is closed]]></system-out>
         <system-err><![CDATA[]]></system-err>
      </testcase>
      <testcase name="Test Cases/Module-Login/Login - Valid" time="17.307" classname="Test Cases/Module-Login/Login - Valid" status="PASSED">
         <system-out><![CDATA[2023-01-08 19:40:46 - [TEST_CASE][PASSED] - Test Cases/Module-Login/Login - Valid: Test Cases/Module-Login/Login - Valid

2023-01-08 19:40:46 - [TEST_STEP][PASSED] - openBrowser(""): Browser is opened with url: ''

2023-01-08 19:40:46 - [MESSAGE][INFO] - Starting 'Chrome' driver

2023-01-08 19:40:46 - [MESSAGE][INFO] - Action delay is set to 0 milliseconds

2023-01-08 19:40:48 - [MESSAGE][PASSED] - Browser is opened with url: ''

2023-01-08 19:40:48 - [TEST_STEP][PASSED] - navigateToUrl("https://www.saucedemo.com/"): Navigate to 'https://www.saucedemo.com/' successfully

2023-01-08 19:40:48 - [MESSAGE][PASSED] - Navigate to 'https://www.saucedemo.com/' successfully

2023-01-08 19:40:48 - [TEST_STEP][PASSED] - setText(findTestObject("Login_Page/username"), username1): Text 'standard_user' is set on object 'Object Repository/Login_Page/username'

2023-01-08 19:40:49 - [MESSAGE][PASSED] - Text 'standard_user' is set on object 'Object Repository/Login_Page/username'

2023-01-08 19:40:49 - [TEST_STEP][PASSED] - setEncryptedText(findTestObject("Login_Page/password"), "qcu24s4901FyWDTwXGr6XA=="): Text ****** has been set on object 'Object Repository/Login_Page/password'

2023-01-08 19:40:50 - [MESSAGE][PASSED] - Text ****** has been set on object 'Object Repository/Login_Page/password'

2023-01-08 19:40:50 - [TEST_STEP][PASSED] - click(findTestObject("Login_Page/btn_login")): Object: 'Object Repository/Login_Page/btn_login' is clicked on

2023-01-08 19:40:50 - [MESSAGE][PASSED] - Object: 'Object Repository/Login_Page/btn_login' is clicked on

2023-01-08 19:40:50 - [TEST_STEP][PASSED] - click(findTestObject("burger/menu")): Object: 'Object Repository/burger/menu' is clicked on

2023-01-08 19:40:51 - [MESSAGE][PASSED] - Object: 'Object Repository/burger/menu' is clicked on

2023-01-08 19:40:51 - [TEST_STEP][PASSED] - click(findTestObject("burger/logout")): Object: 'Object Repository/burger/logout' is clicked on

2023-01-08 19:40:51 - [MESSAGE][PASSED] - Object: 'Object Repository/burger/logout' is clicked on

2023-01-08 19:40:52 - [TEST_STEP][PASSED] - setText(findTestObject("Login_Page/username"), username2): Text 'problem_user' is set on object 'Object Repository/Login_Page/username'

2023-01-08 19:40:52 - [MESSAGE][PASSED] - Text 'problem_user' is set on object 'Object Repository/Login_Page/username'

2023-01-08 19:40:52 - [TEST_STEP][PASSED] - setEncryptedText(findTestObject("Login_Page/password"), "qcu24s4901FyWDTwXGr6XA=="): Text ****** has been set on object 'Object Repository/Login_Page/password'

2023-01-08 19:40:53 - [MESSAGE][PASSED] - Text ****** has been set on object 'Object Repository/Login_Page/password'

2023-01-08 19:40:53 - [TEST_STEP][PASSED] - click(findTestObject("Login_Page/btn_login")): Object: 'Object Repository/Login_Page/btn_login' is clicked on

2023-01-08 19:40:53 - [MESSAGE][PASSED] - Object: 'Object Repository/Login_Page/btn_login' is clicked on

2023-01-08 19:40:53 - [TEST_STEP][PASSED] - click(findTestObject("burger/menu")): Object: 'Object Repository/burger/menu' is clicked on

2023-01-08 19:40:54 - [MESSAGE][PASSED] - Object: 'Object Repository/burger/menu' is clicked on

2023-01-08 19:40:54 - [TEST_STEP][PASSED] - click(findTestObject("burger/logout")): Object: 'Object Repository/burger/logout' is clicked on

2023-01-08 19:40:54 - [MESSAGE][PASSED] - Object: 'Object Repository/burger/logout' is clicked on

2023-01-08 19:40:54 - [TEST_STEP][PASSED] - setText(findTestObject("Login_Page/username"), username3): Text 'performance_glitch_user' is set on object 'Object Repository/Login_Page/username'

2023-01-08 19:40:55 - [MESSAGE][PASSED] - Text 'performance_glitch_user' is set on object 'Object Repository/Login_Page/username'

2023-01-08 19:40:55 - [TEST_STEP][PASSED] - setEncryptedText(findTestObject("Login_Page/password"), "qcu24s4901FyWDTwXGr6XA=="): Text ****** has been set on object 'Object Repository/Login_Page/password'

2023-01-08 19:40:56 - [MESSAGE][PASSED] - Text ****** has been set on object 'Object Repository/Login_Page/password'

2023-01-08 19:40:56 - [TEST_STEP][PASSED] - click(findTestObject("Login_Page/btn_login")): Object: 'Object Repository/Login_Page/btn_login' is clicked on

2023-01-08 19:41:01 - [MESSAGE][PASSED] - Object: 'Object Repository/Login_Page/btn_login' is clicked on

2023-01-08 19:41:01 - [TEST_STEP][PASSED] - click(findTestObject("burger/menu")): Object: 'Object Repository/burger/menu' is clicked on

2023-01-08 19:41:02 - [MESSAGE][PASSED] - Object: 'Object Repository/burger/menu' is clicked on

2023-01-08 19:41:02 - [TEST_STEP][PASSED] - click(findTestObject("burger/logout")): Object: 'Object Repository/burger/logout' is clicked on

2023-01-08 19:41:02 - [MESSAGE][PASSED] - Object: 'Object Repository/burger/logout' is clicked on

2023-01-08 19:41:02 - [TEST_STEP][PASSED] - closeBrowser(STOP_ON_FAILURE): Browser is closed

2023-01-08 19:41:03 - [MESSAGE][PASSED] - Browser is closed]]></system-out>
         <system-err><![CDATA[]]></system-err>
      </testcase>
      <testcase name="Test Cases/Module-Login/Login - With invalid password and invalid username" time="5.277" classname="Test Cases/Module-Login/Login - With invalid password and invalid username" status="PASSED">
         <system-out><![CDATA[2023-01-08 19:41:03 - [TEST_CASE][PASSED] - Test Cases/Module-Login/Login - With invalid password and invalid username: Test Cases/Module-Login/Login - With invalid password and invalid username

2023-01-08 19:41:04 - [TEST_STEP][PASSED] - openBrowser(""): Browser is opened with url: ''

2023-01-08 19:41:04 - [MESSAGE][INFO] - Starting 'Chrome' driver

2023-01-08 19:41:04 - [MESSAGE][INFO] - Action delay is set to 0 milliseconds

2023-01-08 19:41:05 - [MESSAGE][PASSED] - Browser is opened with url: ''

2023-01-08 19:41:05 - [TEST_STEP][PASSED] - navigateToUrl("https://www.saucedemo.com/"): Navigate to 'https://www.saucedemo.com/' successfully

2023-01-08 19:41:06 - [MESSAGE][PASSED] - Navigate to 'https://www.saucedemo.com/' successfully

2023-01-08 19:41:06 - [TEST_STEP][PASSED] - setText(findTestObject("Login_Page/username"), "User-member"): Text 'User-member' is set on object 'Object Repository/Login_Page/username'

2023-01-08 19:41:06 - [MESSAGE][PASSED] - Text 'User-member' is set on object 'Object Repository/Login_Page/username'

2023-01-08 19:41:06 - [TEST_STEP][PASSED] - setEncryptedText(findTestObject("Login_Page/password"), "QJblfja5Cso="): Text ****** has been set on object 'Object Repository/Login_Page/password'

2023-01-08 19:41:07 - [MESSAGE][PASSED] - Text ****** has been set on object 'Object Repository/Login_Page/password'

2023-01-08 19:41:07 - [TEST_STEP][PASSED] - click(findTestObject("Login_Page/btn_login")): Object: 'Object Repository/Login_Page/btn_login' is clicked on

2023-01-08 19:41:07 - [MESSAGE][PASSED] - Object: 'Object Repository/Login_Page/btn_login' is clicked on

2023-01-08 19:41:07 - [TEST_STEP][PASSED] - verifyElementPresent(findTestObject("err-message/err-doesnt_match"), 3): Object 'Object Repository/err-message/err-doesnt_match' is present

2023-01-08 19:41:08 - [MESSAGE][PASSED] - Object 'Object Repository/err-message/err-doesnt_match' is present

2023-01-08 19:41:08 - [TEST_STEP][PASSED] - closeBrowser(STOP_ON_FAILURE): Browser is closed

2023-01-08 19:41:09 - [MESSAGE][PASSED] - Browser is closed]]></system-out>
         <system-err><![CDATA[]]></system-err>
      </testcase>
      <testcase name="Test Cases/Module-Login/Login - With invalid password" time="5.405" classname="Test Cases/Module-Login/Login - With invalid password" status="PASSED">
         <system-out><![CDATA[2023-01-08 19:41:09 - [TEST_CASE][PASSED] - Test Cases/Module-Login/Login - With invalid password: Test Cases/Module-Login/Login - With invalid password

2023-01-08 19:41:09 - [TEST_STEP][PASSED] - openBrowser(""): Browser is opened with url: ''

2023-01-08 19:41:09 - [MESSAGE][INFO] - Starting 'Chrome' driver

2023-01-08 19:41:09 - [MESSAGE][INFO] - Action delay is set to 0 milliseconds

2023-01-08 19:41:11 - [MESSAGE][PASSED] - Browser is opened with url: ''

2023-01-08 19:41:11 - [TEST_STEP][PASSED] - navigateToUrl("https://www.saucedemo.com/"): Navigate to 'https://www.saucedemo.com/' successfully

2023-01-08 19:41:11 - [MESSAGE][PASSED] - Navigate to 'https://www.saucedemo.com/' successfully

2023-01-08 19:41:11 - [TEST_STEP][PASSED] - setText(findTestObject("Login_Page/username"), "standard_user"): Text 'standard_user' is set on object 'Object Repository/Login_Page/username'

2023-01-08 19:41:12 - [MESSAGE][PASSED] - Text 'standard_user' is set on object 'Object Repository/Login_Page/username'

2023-01-08 19:41:12 - [TEST_STEP][PASSED] - setEncryptedText(findTestObject("Login_Page/password"), "lkeQigiJ99F8Wx4U7Su1/g=="): Text ****** has been set on object 'Object Repository/Login_Page/password'

2023-01-08 19:41:12 - [MESSAGE][PASSED] - Text ****** has been set on object 'Object Repository/Login_Page/password'

2023-01-08 19:41:12 - [TEST_STEP][PASSED] - click(findTestObject("Login_Page/btn_login")): Object: 'Object Repository/Login_Page/btn_login' is clicked on

2023-01-08 19:41:13 - [MESSAGE][PASSED] - Object: 'Object Repository/Login_Page/btn_login' is clicked on

2023-01-08 19:41:13 - [TEST_STEP][PASSED] - verifyElementPresent(findTestObject("err-message/err-doesnt_match"), 3): Object 'Object Repository/err-message/err-doesnt_match' is present

2023-01-08 19:41:13 - [MESSAGE][PASSED] - Object 'Object Repository/err-message/err-doesnt_match' is present

2023-01-08 19:41:13 - [TEST_STEP][PASSED] - closeBrowser(STOP_ON_FAILURE): Browser is closed

2023-01-08 19:41:14 - [MESSAGE][PASSED] - Browser is closed]]></system-out>
         <system-err><![CDATA[]]></system-err>
      </testcase>
      <testcase name="Test Cases/Module-Login/Login - With invalid username" time="5.502" classname="Test Cases/Module-Login/Login - With invalid username" status="PASSED">
         <system-out><![CDATA[2023-01-08 19:41:14 - [TEST_CASE][PASSED] - Test Cases/Module-Login/Login - With invalid username: Test Cases/Module-Login/Login - With invalid username

2023-01-08 19:41:14 - [TEST_STEP][PASSED] - openBrowser(""): Browser is opened with url: ''

2023-01-08 19:41:14 - [MESSAGE][INFO] - Starting 'Chrome' driver

2023-01-08 19:41:14 - [MESSAGE][INFO] - Action delay is set to 0 milliseconds

2023-01-08 19:41:16 - [MESSAGE][PASSED] - Browser is opened with url: ''

2023-01-08 19:41:16 - [TEST_STEP][PASSED] - navigateToUrl("https://www.saucedemo.com/"): Navigate to 'https://www.saucedemo.com/' successfully

2023-01-08 19:41:16 - [MESSAGE][PASSED] - Navigate to 'https://www.saucedemo.com/' successfully

2023-01-08 19:41:16 - [TEST_STEP][PASSED] - setText(findTestObject("Login_Page/username"), "User-member"): Text 'User-member' is set on object 'Object Repository/Login_Page/username'

2023-01-08 19:41:17 - [MESSAGE][PASSED] - Text 'User-member' is set on object 'Object Repository/Login_Page/username'

2023-01-08 19:41:17 - [TEST_STEP][PASSED] - setEncryptedText(findTestObject("Login_Page/password"), "qcu24s4901FyWDTwXGr6XA=="): Text ****** has been set on object 'Object Repository/Login_Page/password'

2023-01-08 19:41:18 - [MESSAGE][PASSED] - Text ****** has been set on object 'Object Repository/Login_Page/password'

2023-01-08 19:41:18 - [TEST_STEP][PASSED] - click(findTestObject("Login_Page/btn_login")): Object: 'Object Repository/Login_Page/btn_login' is clicked on

2023-01-08 19:41:18 - [MESSAGE][PASSED] - Object: 'Object Repository/Login_Page/btn_login' is clicked on

2023-01-08 19:41:18 - [TEST_STEP][PASSED] - verifyElementPresent(findTestObject("err-message/err-doesnt_match"), 3): Object 'Object Repository/err-message/err-doesnt_match' is present

2023-01-08 19:41:19 - [MESSAGE][PASSED] - Object 'Object Repository/err-message/err-doesnt_match' is present

2023-01-08 19:41:19 - [TEST_STEP][PASSED] - closeBrowser(STOP_ON_FAILURE): Browser is closed

2023-01-08 19:41:19 - [MESSAGE][PASSED] - Browser is closed]]></system-out>
         <system-err><![CDATA[]]></system-err>
      </testcase>
      <testcase name="Test Cases/Module-Login/Login - With locked account" time="5.595" classname="Test Cases/Module-Login/Login - With locked account" status="PASSED">
         <system-out><![CDATA[2023-01-08 19:41:19 - [TEST_CASE][PASSED] - Test Cases/Module-Login/Login - With locked account: Test Cases/Module-Login/Login - With locked account

2023-01-08 19:41:20 - [TEST_STEP][PASSED] - openBrowser(""): Browser is opened with url: ''

2023-01-08 19:41:20 - [MESSAGE][INFO] - Starting 'Chrome' driver

2023-01-08 19:41:20 - [MESSAGE][INFO] - Action delay is set to 0 milliseconds

2023-01-08 19:41:21 - [MESSAGE][PASSED] - Browser is opened with url: ''

2023-01-08 19:41:21 - [TEST_STEP][PASSED] - navigateToUrl("https://www.saucedemo.com/"): Navigate to 'https://www.saucedemo.com/' successfully

2023-01-08 19:41:22 - [MESSAGE][PASSED] - Navigate to 'https://www.saucedemo.com/' successfully

2023-01-08 19:41:22 - [TEST_STEP][PASSED] - setText(findTestObject("Login_Page/username"), locked_username): Text 'locked_out_user' is set on object 'Object Repository/Login_Page/username'

2023-01-08 19:41:23 - [MESSAGE][PASSED] - Text 'locked_out_user' is set on object 'Object Repository/Login_Page/username'

2023-01-08 19:41:23 - [TEST_STEP][PASSED] - setEncryptedText(findTestObject("Login_Page/password"), "qcu24s4901FyWDTwXGr6XA=="): Text ****** has been set on object 'Object Repository/Login_Page/password'

2023-01-08 19:41:23 - [MESSAGE][PASSED] - Text ****** has been set on object 'Object Repository/Login_Page/password'

2023-01-08 19:41:23 - [TEST_STEP][PASSED] - click(findTestObject("Login_Page/btn_login")): Object: 'Object Repository/Login_Page/btn_login' is clicked on

2023-01-08 19:41:24 - [MESSAGE][PASSED] - Object: 'Object Repository/Login_Page/btn_login' is clicked on

2023-01-08 19:41:24 - [TEST_STEP][PASSED] - verifyElementPresent(findTestObject("err-message/err-locked_user"), 5): Object 'Object Repository/err-message/err-locked_user' is present

2023-01-08 19:41:24 - [MESSAGE][PASSED] - Object 'Object Repository/err-message/err-locked_user' is present

2023-01-08 19:41:24 - [TEST_STEP][PASSED] - closeBrowser(STOP_ON_FAILURE): Browser is closed

2023-01-08 19:41:25 - [MESSAGE][PASSED] - Browser is closed]]></system-out>
         <system-err><![CDATA[]]></system-err>
      </testcase>
      <testcase name="Test Cases/Module- Inventory and Sort/Inventory - Add items to carts" time="14.027" classname="Test Cases/Module- Inventory and Sort/Inventory - Add items to carts" status="PASSED">
         <system-out><![CDATA[2023-01-08 19:41:25 - [TEST_CASE][PASSED] - Test Cases/Module- Inventory and Sort/Inventory - Add items to carts: Test Cases/Module- Inventory and Sort/Inventory - Add items to carts

2023-01-08 19:41:25 - [TEST_STEP][PASSED] - callTestCase(findTestCase("Module-Login/Login - Call"), ["username1":"standard_user", "username2":"problem_user", "username3":"performance_glitch_user", "password":"secret_sauce"], STOP_ON_FAILURE): Call Test Case 'Test Cases/Module-Login/Login - Call' successfully

2023-01-08 19:41:25 - [TEST_CASE][PASSED] - Test Cases/Module-Login/Login - Call: Test Cases/Module-Login/Login - Call

2023-01-08 19:41:25 - [TEST_STEP][PASSED] - openBrowser(""): Browser is opened with url: ''

2023-01-08 19:41:25 - [MESSAGE][INFO] - Starting 'Chrome' driver

2023-01-08 19:41:25 - [MESSAGE][INFO] - Action delay is set to 0 milliseconds

2023-01-08 19:41:27 - [MESSAGE][PASSED] - Browser is opened with url: ''

2023-01-08 19:41:27 - [TEST_STEP][PASSED] - navigateToUrl("https://www.saucedemo.com/"): Navigate to 'https://www.saucedemo.com/' successfully

2023-01-08 19:41:27 - [MESSAGE][PASSED] - Navigate to 'https://www.saucedemo.com/' successfully

2023-01-08 19:41:27 - [TEST_STEP][PASSED] - setText(findTestObject("Login_Page/username"), username1): Text 'standard_user' is set on object 'Object Repository/Login_Page/username'

2023-01-08 19:41:28 - [MESSAGE][PASSED] - Text 'standard_user' is set on object 'Object Repository/Login_Page/username'

2023-01-08 19:41:28 - [TEST_STEP][PASSED] - setEncryptedText(findTestObject("Login_Page/password"), "qcu24s4901FyWDTwXGr6XA=="): Text ****** has been set on object 'Object Repository/Login_Page/password'

2023-01-08 19:41:29 - [MESSAGE][PASSED] - Text ****** has been set on object 'Object Repository/Login_Page/password'

2023-01-08 19:41:29 - [TEST_STEP][PASSED] - click(findTestObject("Login_Page/btn_login")): Object: 'Object Repository/Login_Page/btn_login' is clicked on

2023-01-08 19:41:30 - [MESSAGE][PASSED] - Object: 'Object Repository/Login_Page/btn_login' is clicked on

2023-01-08 19:41:30 - [TEST_STEP][PASSED] - delay(3): Delayed 3 second(s)

2023-01-08 19:41:33 - [MESSAGE][PASSED] - Delayed 3 second(s)

2023-01-08 19:41:33 - [MESSAGE][PASSED] - Call Test Case 'Test Cases/Module-Login/Login - Call' successfully

2023-01-08 19:41:33 - [TEST_STEP][PASSED] - waitForPageLoad(10): Wait for page load successfully

2023-01-08 19:41:33 - [MESSAGE][PASSED] - Wait for page load successfully

2023-01-08 19:41:33 - [TEST_STEP][PASSED] - click(findTestObject("btn_items/items1_add to cart")): Object: 'Object Repository/btn_items/items1_add to cart' is clicked on

2023-01-08 19:41:33 - [MESSAGE][PASSED] - Object: 'Object Repository/btn_items/items1_add to cart' is clicked on

2023-01-08 19:41:33 - [TEST_STEP][PASSED] - verifyElementPresent(findTestObject("cart_counter/cart_icon1"), 5): Object 'Object Repository/cart_counter/cart_icon1' is present

2023-01-08 19:41:34 - [MESSAGE][PASSED] - Object 'Object Repository/cart_counter/cart_icon1' is present

2023-01-08 19:41:34 - [TEST_STEP][PASSED] - click(findTestObject("btn_items/items2_add to cart")): Object: 'Object Repository/btn_items/items2_add to cart' is clicked on

2023-01-08 19:41:34 - [MESSAGE][PASSED] - Object: 'Object Repository/btn_items/items2_add to cart' is clicked on

2023-01-08 19:41:34 - [TEST_STEP][PASSED] - verifyElementPresent(findTestObject("cart_counter/cart_icon2"), 5): Object 'Object Repository/cart_counter/cart_icon2' is present

2023-01-08 19:41:35 - [MESSAGE][PASSED] - Object 'Object Repository/cart_counter/cart_icon2' is present

2023-01-08 19:41:35 - [TEST_STEP][PASSED] - click(findTestObject("btn_items/items3_add to cart")): Object: 'Object Repository/btn_items/items3_add to cart' is clicked on

2023-01-08 19:41:35 - [MESSAGE][PASSED] - Object: 'Object Repository/btn_items/items3_add to cart' is clicked on

2023-01-08 19:41:35 - [TEST_STEP][PASSED] - verifyElementPresent(findTestObject("cart_counter/cart_icon3"), 5): Object 'Object Repository/cart_counter/cart_icon3' is present

2023-01-08 19:41:36 - [MESSAGE][PASSED] - Object 'Object Repository/cart_counter/cart_icon3' is present

2023-01-08 19:41:36 - [TEST_STEP][PASSED] - click(findTestObject("btn_items/items4_add to cart")): Object: 'Object Repository/btn_items/items4_add to cart' is clicked on

2023-01-08 19:41:36 - [MESSAGE][PASSED] - Object: 'Object Repository/btn_items/items4_add to cart' is clicked on

2023-01-08 19:41:36 - [TEST_STEP][PASSED] - verifyElementPresent(findTestObject("cart_counter/cart_icon4"), 5): Object 'Object Repository/cart_counter/cart_icon4' is present

2023-01-08 19:41:37 - [MESSAGE][PASSED] - Object 'Object Repository/cart_counter/cart_icon4' is present

2023-01-08 19:41:37 - [TEST_STEP][PASSED] - click(findTestObject("btn_items/items5_add to cart")): Object: 'Object Repository/btn_items/items5_add to cart' is clicked on

2023-01-08 19:41:37 - [MESSAGE][PASSED] - Object: 'Object Repository/btn_items/items5_add to cart' is clicked on

2023-01-08 19:41:37 - [TEST_STEP][PASSED] - verifyElementPresent(findTestObject("cart_counter/cart_icon5"), 5): Object 'Object Repository/cart_counter/cart_icon5' is present

2023-01-08 19:41:37 - [MESSAGE][PASSED] - Object 'Object Repository/cart_counter/cart_icon5' is present

2023-01-08 19:41:37 - [TEST_STEP][PASSED] - click(findTestObject("btn_items/items6_add to cart")): Object: 'Object Repository/btn_items/items6_add to cart' is clicked on

2023-01-08 19:41:38 - [MESSAGE][PASSED] - Object: 'Object Repository/btn_items/items6_add to cart' is clicked on

2023-01-08 19:41:38 - [TEST_STEP][PASSED] - verifyElementPresent(findTestObject("cart_counter/cart_icon6"), 5): Object 'Object Repository/cart_counter/cart_icon6' is present

2023-01-08 19:41:38 - [MESSAGE][PASSED] - Object 'Object Repository/cart_counter/cart_icon6' is present

2023-01-08 19:41:38 - [TEST_STEP][PASSED] - closeBrowser(STOP_ON_FAILURE): Browser is closed

2023-01-08 19:41:39 - [MESSAGE][PASSED] - Browser is closed]]></system-out>
         <system-err><![CDATA[]]></system-err>
      </testcase>
      <testcase name="Test Cases/Module- Inventory and Sort/Inventory - Call" time="13.014" classname="Test Cases/Module- Inventory and Sort/Inventory - Call" status="PASSED">
         <system-out><![CDATA[2023-01-08 19:41:39 - [TEST_CASE][PASSED] - Test Cases/Module- Inventory and Sort/Inventory - Call: Test Cases/Module- Inventory and Sort/Inventory - Call

2023-01-08 19:41:39 - [TEST_STEP][PASSED] - callTestCase(findTestCase("Module-Login/Login - Call"), ["username1":"standard_user", "username2":"problem_user", "username3":"performance_glitch_user", "password":"secret_sauce"], STOP_ON_FAILURE): Call Test Case 'Test Cases/Module-Login/Login - Call' successfully

2023-01-08 19:41:40 - [TEST_CASE][PASSED] - Test Cases/Module-Login/Login - Call: Test Cases/Module-Login/Login - Call

2023-01-08 19:41:40 - [TEST_STEP][PASSED] - openBrowser(""): Browser is opened with url: ''

2023-01-08 19:41:40 - [MESSAGE][INFO] - Starting 'Chrome' driver

2023-01-08 19:41:40 - [MESSAGE][INFO] - Action delay is set to 0 milliseconds

2023-01-08 19:41:41 - [MESSAGE][PASSED] - Browser is opened with url: ''

2023-01-08 19:41:41 - [TEST_STEP][PASSED] - navigateToUrl("https://www.saucedemo.com/"): Navigate to 'https://www.saucedemo.com/' successfully

2023-01-08 19:41:41 - [MESSAGE][PASSED] - Navigate to 'https://www.saucedemo.com/' successfully

2023-01-08 19:41:41 - [TEST_STEP][PASSED] - setText(findTestObject("Login_Page/username"), username1): Text 'standard_user' is set on object 'Object Repository/Login_Page/username'

2023-01-08 19:41:42 - [MESSAGE][PASSED] - Text 'standard_user' is set on object 'Object Repository/Login_Page/username'

2023-01-08 19:41:42 - [TEST_STEP][PASSED] - setEncryptedText(findTestObject("Login_Page/password"), "qcu24s4901FyWDTwXGr6XA=="): Text ****** has been set on object 'Object Repository/Login_Page/password'

2023-01-08 19:41:43 - [MESSAGE][PASSED] - Text ****** has been set on object 'Object Repository/Login_Page/password'

2023-01-08 19:41:43 - [TEST_STEP][PASSED] - click(findTestObject("Login_Page/btn_login")): Object: 'Object Repository/Login_Page/btn_login' is clicked on

2023-01-08 19:41:43 - [MESSAGE][PASSED] - Object: 'Object Repository/Login_Page/btn_login' is clicked on

2023-01-08 19:41:43 - [TEST_STEP][PASSED] - delay(3): Delayed 3 second(s)

2023-01-08 19:41:46 - [MESSAGE][PASSED] - Delayed 3 second(s)

2023-01-08 19:41:46 - [MESSAGE][PASSED] - Call Test Case 'Test Cases/Module-Login/Login - Call' successfully

2023-01-08 19:41:46 - [TEST_STEP][PASSED] - waitForPageLoad(10): Wait for page load successfully

2023-01-08 19:41:46 - [MESSAGE][PASSED] - Wait for page load successfully

2023-01-08 19:41:46 - [TEST_STEP][PASSED] - click(findTestObject("btn_items/items1_add to cart")): Object: 'Object Repository/btn_items/items1_add to cart' is clicked on

2023-01-08 19:41:47 - [MESSAGE][PASSED] - Object: 'Object Repository/btn_items/items1_add to cart' is clicked on

2023-01-08 19:41:47 - [TEST_STEP][PASSED] - verifyElementPresent(findTestObject("cart_counter/cart_icon1"), 5): Object 'Object Repository/cart_counter/cart_icon1' is present

2023-01-08 19:41:47 - [MESSAGE][PASSED] - Object 'Object Repository/cart_counter/cart_icon1' is present

2023-01-08 19:41:47 - [TEST_STEP][PASSED] - click(findTestObject("btn_items/items2_add to cart")): Object: 'Object Repository/btn_items/items2_add to cart' is clicked on

2023-01-08 19:41:48 - [MESSAGE][PASSED] - Object: 'Object Repository/btn_items/items2_add to cart' is clicked on

2023-01-08 19:41:48 - [TEST_STEP][PASSED] - verifyElementPresent(findTestObject("cart_counter/cart_icon2"), 5): Object 'Object Repository/cart_counter/cart_icon2' is present

2023-01-08 19:41:48 - [MESSAGE][PASSED] - Object 'Object Repository/cart_counter/cart_icon2' is present

2023-01-08 19:41:48 - [TEST_STEP][PASSED] - click(findTestObject("btn_items/items3_add to cart")): Object: 'Object Repository/btn_items/items3_add to cart' is clicked on

2023-01-08 19:41:49 - [MESSAGE][PASSED] - Object: 'Object Repository/btn_items/items3_add to cart' is clicked on

2023-01-08 19:41:49 - [TEST_STEP][PASSED] - verifyElementPresent(findTestObject("cart_counter/cart_icon3"), 5): Object 'Object Repository/cart_counter/cart_icon3' is present

2023-01-08 19:41:49 - [MESSAGE][PASSED] - Object 'Object Repository/cart_counter/cart_icon3' is present

2023-01-08 19:41:49 - [TEST_STEP][PASSED] - click(findTestObject("btn_items/items4_add to cart")): Object: 'Object Repository/btn_items/items4_add to cart' is clicked on

2023-01-08 19:41:49 - [MESSAGE][PASSED] - Object: 'Object Repository/btn_items/items4_add to cart' is clicked on

2023-01-08 19:41:49 - [TEST_STEP][PASSED] - verifyElementPresent(findTestObject("cart_counter/cart_icon4"), 5): Object 'Object Repository/cart_counter/cart_icon4' is present

2023-01-08 19:41:50 - [MESSAGE][PASSED] - Object 'Object Repository/cart_counter/cart_icon4' is present

2023-01-08 19:41:50 - [TEST_STEP][PASSED] - click(findTestObject("btn_items/items5_add to cart")): Object: 'Object Repository/btn_items/items5_add to cart' is clicked on

2023-01-08 19:41:50 - [MESSAGE][PASSED] - Object: 'Object Repository/btn_items/items5_add to cart' is clicked on

2023-01-08 19:41:50 - [TEST_STEP][PASSED] - verifyElementPresent(findTestObject("cart_counter/cart_icon5"), 5): Object 'Object Repository/cart_counter/cart_icon5' is present

2023-01-08 19:41:51 - [MESSAGE][PASSED] - Object 'Object Repository/cart_counter/cart_icon5' is present

2023-01-08 19:41:51 - [TEST_STEP][PASSED] - click(findTestObject("btn_items/items6_add to cart")): Object: 'Object Repository/btn_items/items6_add to cart' is clicked on

2023-01-08 19:41:51 - [MESSAGE][PASSED] - Object: 'Object Repository/btn_items/items6_add to cart' is clicked on

2023-01-08 19:41:51 - [TEST_STEP][PASSED] - verifyElementPresent(findTestObject("cart_counter/cart_icon6"), 5): Object 'Object Repository/cart_counter/cart_icon6' is present

2023-01-08 19:41:52 - [MESSAGE][PASSED] - Object 'Object Repository/cart_counter/cart_icon6' is present

2023-01-08 19:41:52 - [TEST_STEP][PASSED] - click(findTestObject("cart/cart")): Object: 'Object Repository/cart/cart' is clicked on

2023-01-08 19:41:52 - [MESSAGE][PASSED] - Object: 'Object Repository/cart/cart' is clicked on]]></system-out>
         <system-err><![CDATA[]]></system-err>
      </testcase>
      <testcase name="Test Cases/Module- Inventory and Sort/Inventory - Page" time="13.263" classname="Test Cases/Module- Inventory and Sort/Inventory - Page" status="PASSED">
         <system-out><![CDATA[2023-01-08 19:41:52 - [TEST_CASE][PASSED] - Test Cases/Module- Inventory and Sort/Inventory - Page: Test Cases/Module- Inventory and Sort/Inventory - Page

2023-01-08 19:41:52 - [TEST_STEP][PASSED] - callTestCase(findTestCase("Module-Login/Login - Call"), ["username1":"standard_user", "username2":"problem_user", "username3":"performance_glitch_user", "password":"secret_sauce"], STOP_ON_FAILURE): Call Test Case 'Test Cases/Module-Login/Login - Call' successfully

2023-01-08 19:41:53 - [TEST_CASE][PASSED] - Test Cases/Module-Login/Login - Call: Test Cases/Module-Login/Login - Call

2023-01-08 19:41:53 - [TEST_STEP][PASSED] - openBrowser(""): Browser is opened with url: ''

2023-01-08 19:41:53 - [MESSAGE][WARNING] - A browser is already opened. Closing browser and opening a new one

2023-01-08 19:41:53 - [MESSAGE][INFO] - Starting 'Chrome' driver

2023-01-08 19:41:53 - [MESSAGE][INFO] - Action delay is set to 0 milliseconds

2023-01-08 19:41:55 - [MESSAGE][PASSED] - Browser is opened with url: ''

2023-01-08 19:41:55 - [TEST_STEP][PASSED] - navigateToUrl("https://www.saucedemo.com/"): Navigate to 'https://www.saucedemo.com/' successfully

2023-01-08 19:41:55 - [MESSAGE][PASSED] - Navigate to 'https://www.saucedemo.com/' successfully

2023-01-08 19:41:55 - [TEST_STEP][PASSED] - setText(findTestObject("Login_Page/username"), username1): Text 'standard_user' is set on object 'Object Repository/Login_Page/username'

2023-01-08 19:41:56 - [MESSAGE][PASSED] - Text 'standard_user' is set on object 'Object Repository/Login_Page/username'

2023-01-08 19:41:56 - [TEST_STEP][PASSED] - setEncryptedText(findTestObject("Login_Page/password"), "qcu24s4901FyWDTwXGr6XA=="): Text ****** has been set on object 'Object Repository/Login_Page/password'

2023-01-08 19:41:56 - [MESSAGE][PASSED] - Text ****** has been set on object 'Object Repository/Login_Page/password'

2023-01-08 19:41:56 - [TEST_STEP][PASSED] - click(findTestObject("Login_Page/btn_login")): Object: 'Object Repository/Login_Page/btn_login' is clicked on

2023-01-08 19:41:57 - [MESSAGE][PASSED] - Object: 'Object Repository/Login_Page/btn_login' is clicked on

2023-01-08 19:41:57 - [TEST_STEP][PASSED] - delay(3): Delayed 3 second(s)

2023-01-08 19:42:00 - [MESSAGE][PASSED] - Delayed 3 second(s)

2023-01-08 19:42:00 - [MESSAGE][PASSED] - Call Test Case 'Test Cases/Module-Login/Login - Call' successfully

2023-01-08 19:42:00 - [TEST_STEP][PASSED] - waitForPageLoad(10): Wait for page load successfully

2023-01-08 19:42:00 - [MESSAGE][PASSED] - Wait for page load successfully

2023-01-08 19:42:00 - [TEST_STEP][PASSED] - verifyElementPresent(findTestObject("items/items1"), 0): Object 'Object Repository/items/items1' is present

2023-01-08 19:42:00 - [MESSAGE][WARNING] - Timeout '0' is invalid. Using default page load timeout: '30'

2023-01-08 19:42:00 - [MESSAGE][PASSED] - Object 'Object Repository/items/items1' is present

2023-01-08 19:42:00 - [TEST_STEP][PASSED] - verifyElementPresent(findTestObject("items/items2"), 0): Object 'Object Repository/items/items2' is present

2023-01-08 19:42:01 - [MESSAGE][WARNING] - Timeout '0' is invalid. Using default page load timeout: '30'

2023-01-08 19:42:01 - [MESSAGE][PASSED] - Object 'Object Repository/items/items2' is present

2023-01-08 19:42:01 - [TEST_STEP][PASSED] - verifyElementPresent(findTestObject("items/items3"), 0): Object 'Object Repository/items/items3' is present

2023-01-08 19:42:01 - [MESSAGE][WARNING] - Timeout '0' is invalid. Using default page load timeout: '30'

2023-01-08 19:42:01 - [MESSAGE][PASSED] - Object 'Object Repository/items/items3' is present

2023-01-08 19:42:01 - [TEST_STEP][PASSED] - verifyElementPresent(findTestObject("items/items4"), 0): Object 'Object Repository/items/items4' is present

2023-01-08 19:42:01 - [MESSAGE][WARNING] - Timeout '0' is invalid. Using default page load timeout: '30'

2023-01-08 19:42:01 - [MESSAGE][PASSED] - Object 'Object Repository/items/items4' is present

2023-01-08 19:42:01 - [TEST_STEP][PASSED] - verifyElementPresent(findTestObject("items/items5"), 0): Object 'Object Repository/items/items5' is present

2023-01-08 19:42:02 - [MESSAGE][WARNING] - Timeout '0' is invalid. Using default page load timeout: '30'

2023-01-08 19:42:02 - [MESSAGE][PASSED] - Object 'Object Repository/items/items5' is present

2023-01-08 19:42:02 - [TEST_STEP][PASSED] - verifyElementPresent(findTestObject("items/items6"), 0): Object 'Object Repository/items/items6' is present

2023-01-08 19:42:02 - [MESSAGE][WARNING] - Timeout '0' is invalid. Using default page load timeout: '30'

2023-01-08 19:42:02 - [MESSAGE][PASSED] - Object 'Object Repository/items/items6' is present

2023-01-08 19:42:02 - [TEST_STEP][PASSED] - verifyElementClickable(findTestObject("btn_items/items1_add to cart")): Object 'Object Repository/btn_items/items1_add to cart' is clickable

2023-01-08 19:42:03 - [MESSAGE][PASSED] - Object 'Object Repository/btn_items/items1_add to cart' is clickable

2023-01-08 19:42:03 - [TEST_STEP][PASSED] - verifyElementClickable(findTestObject("btn_items/items2_add to cart")): Object 'Object Repository/btn_items/items2_add to cart' is clickable

2023-01-08 19:42:03 - [MESSAGE][PASSED] - Object 'Object Repository/btn_items/items2_add to cart' is clickable

2023-01-08 19:42:03 - [TEST_STEP][PASSED] - verifyElementClickable(findTestObject("btn_items/items3_add to cart")): Object 'Object Repository/btn_items/items3_add to cart' is clickable

2023-01-08 19:42:03 - [MESSAGE][PASSED] - Object 'Object Repository/btn_items/items3_add to cart' is clickable

2023-01-08 19:42:03 - [TEST_STEP][PASSED] - verifyElementClickable(findTestObject("btn_items/items4_add to cart")): Object 'Object Repository/btn_items/items4_add to cart' is clickable

2023-01-08 19:42:04 - [MESSAGE][PASSED] - Object 'Object Repository/btn_items/items4_add to cart' is clickable

2023-01-08 19:42:04 - [TEST_STEP][PASSED] - verifyElementClickable(findTestObject("btn_items/items5_add to cart")): Object 'Object Repository/btn_items/items5_add to cart' is clickable

2023-01-08 19:42:04 - [MESSAGE][PASSED] - Object 'Object Repository/btn_items/items5_add to cart' is clickable

2023-01-08 19:42:04 - [TEST_STEP][PASSED] - verifyElementClickable(findTestObject("btn_items/items6_add to cart")): Object 'Object Repository/btn_items/items6_add to cart' is clickable

2023-01-08 19:42:05 - [MESSAGE][PASSED] - Object 'Object Repository/btn_items/items6_add to cart' is clickable

2023-01-08 19:42:05 - [TEST_STEP][PASSED] - closeBrowser(STOP_ON_FAILURE): Browser is closed

2023-01-08 19:42:05 - [MESSAGE][PASSED] - Browser is closed]]></system-out>
         <system-err><![CDATA[]]></system-err>
      </testcase>
      <testcase name="Test Cases/Module- Inventory and Sort/Inventory - Remove items" time="18.789" classname="Test Cases/Module- Inventory and Sort/Inventory - Remove items" status="PASSED">
         <system-out><![CDATA[2023-01-08 19:42:05 - [TEST_CASE][PASSED] - Test Cases/Module- Inventory and Sort/Inventory - Remove items: Test Cases/Module- Inventory and Sort/Inventory - Remove items

2023-01-08 19:42:06 - [TEST_STEP][PASSED] - callTestCase(findTestCase("Module-Login/Login - Call"), ["username1":"standard_user", "username2":"problem_user", "username3":"performance_glitch_user", "password":"secret_sauce"], STOP_ON_FAILURE): Call Test Case 'Test Cases/Module-Login/Login - Call' successfully

2023-01-08 19:42:06 - [TEST_CASE][PASSED] - Test Cases/Module-Login/Login - Call: Test Cases/Module-Login/Login - Call

2023-01-08 19:42:06 - [TEST_STEP][PASSED] - openBrowser(""): Browser is opened with url: ''

2023-01-08 19:42:06 - [MESSAGE][INFO] - Starting 'Chrome' driver

2023-01-08 19:42:06 - [MESSAGE][INFO] - Action delay is set to 0 milliseconds

2023-01-08 19:42:07 - [MESSAGE][PASSED] - Browser is opened with url: ''

2023-01-08 19:42:07 - [TEST_STEP][PASSED] - navigateToUrl("https://www.saucedemo.com/"): Navigate to 'https://www.saucedemo.com/' successfully

2023-01-08 19:42:08 - [MESSAGE][PASSED] - Navigate to 'https://www.saucedemo.com/' successfully

2023-01-08 19:42:08 - [TEST_STEP][PASSED] - setText(findTestObject("Login_Page/username"), username1): Text 'standard_user' is set on object 'Object Repository/Login_Page/username'

2023-01-08 19:42:09 - [MESSAGE][PASSED] - Text 'standard_user' is set on object 'Object Repository/Login_Page/username'

2023-01-08 19:42:09 - [TEST_STEP][PASSED] - setEncryptedText(findTestObject("Login_Page/password"), "qcu24s4901FyWDTwXGr6XA=="): Text ****** has been set on object 'Object Repository/Login_Page/password'

2023-01-08 19:42:09 - [MESSAGE][PASSED] - Text ****** has been set on object 'Object Repository/Login_Page/password'

2023-01-08 19:42:09 - [TEST_STEP][PASSED] - click(findTestObject("Login_Page/btn_login")): Object: 'Object Repository/Login_Page/btn_login' is clicked on

2023-01-08 19:42:10 - [MESSAGE][PASSED] - Object: 'Object Repository/Login_Page/btn_login' is clicked on

2023-01-08 19:42:10 - [TEST_STEP][PASSED] - delay(3): Delayed 3 second(s)

2023-01-08 19:42:13 - [MESSAGE][PASSED] - Delayed 3 second(s)

2023-01-08 19:42:13 - [MESSAGE][PASSED] - Call Test Case 'Test Cases/Module-Login/Login - Call' successfully

2023-01-08 19:42:13 - [TEST_STEP][PASSED] - waitForPageLoad(10): Wait for page load successfully

2023-01-08 19:42:13 - [MESSAGE][PASSED] - Wait for page load successfully

2023-01-08 19:42:13 - [TEST_STEP][PASSED] - click(findTestObject("btn_items/items1_add to cart")): Object: 'Object Repository/btn_items/items1_add to cart' is clicked on

2023-01-08 19:42:13 - [MESSAGE][PASSED] - Object: 'Object Repository/btn_items/items1_add to cart' is clicked on

2023-01-08 19:42:13 - [TEST_STEP][PASSED] - verifyElementPresent(findTestObject("cart_counter/cart_icon1"), 5): Object 'Object Repository/cart_counter/cart_icon1' is present

2023-01-08 19:42:14 - [MESSAGE][PASSED] - Object 'Object Repository/cart_counter/cart_icon1' is present

2023-01-08 19:42:14 - [TEST_STEP][PASSED] - click(findTestObject("btn_items/items2_add to cart")): Object: 'Object Repository/btn_items/items2_add to cart' is clicked on

2023-01-08 19:42:14 - [MESSAGE][PASSED] - Object: 'Object Repository/btn_items/items2_add to cart' is clicked on

2023-01-08 19:42:14 - [TEST_STEP][PASSED] - verifyElementPresent(findTestObject("cart_counter/cart_icon2"), 5): Object 'Object Repository/cart_counter/cart_icon2' is present

2023-01-08 19:42:15 - [MESSAGE][PASSED] - Object 'Object Repository/cart_counter/cart_icon2' is present

2023-01-08 19:42:15 - [TEST_STEP][PASSED] - click(findTestObject("btn_items/items3_add to cart")): Object: 'Object Repository/btn_items/items3_add to cart' is clicked on

2023-01-08 19:42:15 - [MESSAGE][PASSED] - Object: 'Object Repository/btn_items/items3_add to cart' is clicked on

2023-01-08 19:42:15 - [TEST_STEP][PASSED] - verifyElementPresent(findTestObject("cart_counter/cart_icon3"), 5): Object 'Object Repository/cart_counter/cart_icon3' is present

2023-01-08 19:42:16 - [MESSAGE][PASSED] - Object 'Object Repository/cart_counter/cart_icon3' is present

2023-01-08 19:42:16 - [TEST_STEP][PASSED] - click(findTestObject("btn_items/items4_add to cart")): Object: 'Object Repository/btn_items/items4_add to cart' is clicked on

2023-01-08 19:42:16 - [MESSAGE][PASSED] - Object: 'Object Repository/btn_items/items4_add to cart' is clicked on

2023-01-08 19:42:16 - [TEST_STEP][PASSED] - verifyElementPresent(findTestObject("cart_counter/cart_icon4"), 5): Object 'Object Repository/cart_counter/cart_icon4' is present

2023-01-08 19:42:16 - [MESSAGE][PASSED] - Object 'Object Repository/cart_counter/cart_icon4' is present

2023-01-08 19:42:16 - [TEST_STEP][PASSED] - click(findTestObject("btn_items/items5_add to cart")): Object: 'Object Repository/btn_items/items5_add to cart' is clicked on

2023-01-08 19:42:17 - [MESSAGE][PASSED] - Object: 'Object Repository/btn_items/items5_add to cart' is clicked on

2023-01-08 19:42:17 - [TEST_STEP][PASSED] - verifyElementPresent(findTestObject("cart_counter/cart_icon5"), 5): Object 'Object Repository/cart_counter/cart_icon5' is present

2023-01-08 19:42:17 - [MESSAGE][PASSED] - Object 'Object Repository/cart_counter/cart_icon5' is present

2023-01-08 19:42:17 - [TEST_STEP][PASSED] - click(findTestObject("btn_items/items6_add to cart")): Object: 'Object Repository/btn_items/items6_add to cart' is clicked on

2023-01-08 19:42:18 - [MESSAGE][PASSED] - Object: 'Object Repository/btn_items/items6_add to cart' is clicked on

2023-01-08 19:42:18 - [TEST_STEP][PASSED] - verifyElementPresent(findTestObject("cart_counter/cart_icon6"), 5): Object 'Object Repository/cart_counter/cart_icon6' is present

2023-01-08 19:42:18 - [MESSAGE][PASSED] - Object 'Object Repository/cart_counter/cart_icon6' is present

2023-01-08 19:42:18 - [TEST_STEP][PASSED] - click(findTestObject("remove/items1_remove")): Object: 'Object Repository/remove/items1_remove' is clicked on

2023-01-08 19:42:19 - [MESSAGE][PASSED] - Object: 'Object Repository/remove/items1_remove' is clicked on

2023-01-08 19:42:19 - [TEST_STEP][PASSED] - verifyElementPresent(findTestObject("cart_counter/cart_icon5"), 5): Object 'Object Repository/cart_counter/cart_icon5' is present

2023-01-08 19:42:19 - [MESSAGE][PASSED] - Object 'Object Repository/cart_counter/cart_icon5' is present

2023-01-08 19:42:19 - [TEST_STEP][PASSED] - click(findTestObject("remove/items2_remove")): Object: 'Object Repository/remove/items2_remove' is clicked on

2023-01-08 19:42:20 - [MESSAGE][PASSED] - Object: 'Object Repository/remove/items2_remove' is clicked on

2023-01-08 19:42:20 - [TEST_STEP][PASSED] - verifyElementPresent(findTestObject("cart_counter/cart_icon4"), 5): Object 'Object Repository/cart_counter/cart_icon4' is present

2023-01-08 19:42:20 - [MESSAGE][PASSED] - Object 'Object Repository/cart_counter/cart_icon4' is present

2023-01-08 19:42:20 - [TEST_STEP][PASSED] - click(findTestObject("remove/items3_remove")): Object: 'Object Repository/remove/items3_remove' is clicked on

2023-01-08 19:42:20 - [MESSAGE][PASSED] - Object: 'Object Repository/remove/items3_remove' is clicked on

2023-01-08 19:42:20 - [TEST_STEP][PASSED] - verifyElementPresent(findTestObject("cart_counter/cart_icon3"), 5): Object 'Object Repository/cart_counter/cart_icon3' is present

2023-01-08 19:42:21 - [MESSAGE][PASSED] - Object 'Object Repository/cart_counter/cart_icon3' is present

2023-01-08 19:42:21 - [TEST_STEP][PASSED] - click(findTestObject("remove/items4_remove")): Object: 'Object Repository/remove/items4_remove' is clicked on

2023-01-08 19:42:21 - [MESSAGE][PASSED] - Object: 'Object Repository/remove/items4_remove' is clicked on

2023-01-08 19:42:21 - [TEST_STEP][PASSED] - verifyElementPresent(findTestObject("cart_counter/cart_icon2"), 5): Object 'Object Repository/cart_counter/cart_icon2' is present

2023-01-08 19:42:22 - [MESSAGE][PASSED] - Object 'Object Repository/cart_counter/cart_icon2' is present

2023-01-08 19:42:22 - [TEST_STEP][PASSED] - click(findTestObject("remove/items5_remove")): Object: 'Object Repository/remove/items5_remove' is clicked on

2023-01-08 19:42:22 - [MESSAGE][PASSED] - Object: 'Object Repository/remove/items5_remove' is clicked on

2023-01-08 19:42:22 - [TEST_STEP][PASSED] - verifyElementPresent(findTestObject("cart_counter/cart_icon1"), 5): Object 'Object Repository/cart_counter/cart_icon1' is present

2023-01-08 19:42:23 - [MESSAGE][PASSED] - Object 'Object Repository/cart_counter/cart_icon1' is present

2023-01-08 19:42:23 - [TEST_STEP][PASSED] - click(findTestObject("remove/items6_remove")): Object: 'Object Repository/remove/items6_remove' is clicked on

2023-01-08 19:42:23 - [MESSAGE][PASSED] - Object: 'Object Repository/remove/items6_remove' is clicked on

2023-01-08 19:42:23 - [TEST_STEP][PASSED] - closeBrowser(STOP_ON_FAILURE): Browser is closed

2023-01-08 19:42:24 - [MESSAGE][PASSED] - Browser is closed]]></system-out>
         <system-err><![CDATA[]]></system-err>
      </testcase>
      <testcase name="Test Cases/Module- Inventory and Sort/Inventory - Sort by item prize high to low" time="10.077" classname="Test Cases/Module- Inventory and Sort/Inventory - Sort by item prize high to low" status="PASSED">
         <system-out><![CDATA[2023-01-08 19:42:24 - [TEST_CASE][PASSED] - Test Cases/Module- Inventory and Sort/Inventory - Sort by item prize high to low: Test Cases/Module- Inventory and Sort/Inventory - Sort by item prize high to low

2023-01-08 19:42:25 - [TEST_STEP][PASSED] - callTestCase(findTestCase("Module-Login/Login - Call"), ["username1":"standard_user", "username2":"problem_user", "username3":"performance_glitch_user", "password":"secret_sauce"], STOP_ON_FAILURE): Call Test Case 'Test Cases/Module-Login/Login - Call' successfully

2023-01-08 19:42:25 - [TEST_CASE][PASSED] - Test Cases/Module-Login/Login - Call: Test Cases/Module-Login/Login - Call

2023-01-08 19:42:25 - [TEST_STEP][PASSED] - openBrowser(""): Browser is opened with url: ''

2023-01-08 19:42:25 - [MESSAGE][INFO] - Starting 'Chrome' driver

2023-01-08 19:42:25 - [MESSAGE][INFO] - Action delay is set to 0 milliseconds

2023-01-08 19:42:26 - [MESSAGE][PASSED] - Browser is opened with url: ''

2023-01-08 19:42:26 - [TEST_STEP][PASSED] - navigateToUrl("https://www.saucedemo.com/"): Navigate to 'https://www.saucedemo.com/' successfully

2023-01-08 19:42:27 - [MESSAGE][PASSED] - Navigate to 'https://www.saucedemo.com/' successfully

2023-01-08 19:42:27 - [TEST_STEP][PASSED] - setText(findTestObject("Login_Page/username"), username1): Text 'standard_user' is set on object 'Object Repository/Login_Page/username'

2023-01-08 19:42:28 - [MESSAGE][PASSED] - Text 'standard_user' is set on object 'Object Repository/Login_Page/username'

2023-01-08 19:42:28 - [TEST_STEP][PASSED] - setEncryptedText(findTestObject("Login_Page/password"), "qcu24s4901FyWDTwXGr6XA=="): Text ****** has been set on object 'Object Repository/Login_Page/password'

2023-01-08 19:42:29 - [MESSAGE][PASSED] - Text ****** has been set on object 'Object Repository/Login_Page/password'

2023-01-08 19:42:29 - [TEST_STEP][PASSED] - click(findTestObject("Login_Page/btn_login")): Object: 'Object Repository/Login_Page/btn_login' is clicked on

2023-01-08 19:42:29 - [MESSAGE][PASSED] - Object: 'Object Repository/Login_Page/btn_login' is clicked on

2023-01-08 19:42:29 - [TEST_STEP][PASSED] - delay(3): Delayed 3 second(s)

2023-01-08 19:42:32 - [MESSAGE][PASSED] - Delayed 3 second(s)

2023-01-08 19:42:32 - [MESSAGE][PASSED] - Call Test Case 'Test Cases/Module-Login/Login - Call' successfully

2023-01-08 19:42:32 - [TEST_STEP][PASSED] - waitForPageLoad(10): Wait for page load successfully

2023-01-08 19:42:32 - [MESSAGE][PASSED] - Wait for page load successfully

2023-01-08 19:42:32 - [TEST_STEP][PASSED] - click(findTestObject("Sort/sort")): Object: 'Object Repository/Sort/sort' is clicked on

2023-01-08 19:42:33 - [MESSAGE][PASSED] - Object: 'Object Repository/Sort/sort' is clicked on

2023-01-08 19:42:33 - [TEST_STEP][PASSED] - selectOptionByValue(findTestObject("Sort/sort"), "hilo", false): All options with value 'hilo' are selected in object 'Object Repository/Sort/sort' 

2023-01-08 19:42:33 - [MESSAGE][PASSED] - All options with value 'hilo' are selected in object 'Object Repository/Sort/sort' 

2023-01-08 19:42:33 - [TEST_STEP][PASSED] - closeBrowser(STOP_ON_FAILURE): Browser is closed

2023-01-08 19:42:34 - [MESSAGE][PASSED] - Browser is closed]]></system-out>
         <system-err><![CDATA[]]></system-err>
      </testcase>
      <testcase name="Test Cases/Module- Inventory and Sort/Inventory - Sort by item prize low to high" time="9.238" classname="Test Cases/Module- Inventory and Sort/Inventory - Sort by item prize low to high" status="PASSED">
         <system-out><![CDATA[2023-01-08 19:42:34 - [TEST_CASE][PASSED] - Test Cases/Module- Inventory and Sort/Inventory - Sort by item prize low to high: Test Cases/Module- Inventory and Sort/Inventory - Sort by item prize low to high

2023-01-08 19:42:35 - [TEST_STEP][PASSED] - callTestCase(findTestCase("Module-Login/Login - Call"), ["username1":"standard_user", "username2":"problem_user", "username3":"performance_glitch_user", "password":"secret_sauce"], STOP_ON_FAILURE): Call Test Case 'Test Cases/Module-Login/Login - Call' successfully

2023-01-08 19:42:35 - [TEST_CASE][PASSED] - Test Cases/Module-Login/Login - Call: Test Cases/Module-Login/Login - Call

2023-01-08 19:42:35 - [TEST_STEP][PASSED] - openBrowser(""): Browser is opened with url: ''

2023-01-08 19:42:35 - [MESSAGE][INFO] - Starting 'Chrome' driver

2023-01-08 19:42:35 - [MESSAGE][INFO] - Action delay is set to 0 milliseconds

2023-01-08 19:42:36 - [MESSAGE][PASSED] - Browser is opened with url: ''

2023-01-08 19:42:36 - [TEST_STEP][PASSED] - navigateToUrl("https://www.saucedemo.com/"): Navigate to 'https://www.saucedemo.com/' successfully

2023-01-08 19:42:37 - [MESSAGE][PASSED] - Navigate to 'https://www.saucedemo.com/' successfully

2023-01-08 19:42:37 - [TEST_STEP][PASSED] - setText(findTestObject("Login_Page/username"), username1): Text 'standard_user' is set on object 'Object Repository/Login_Page/username'

2023-01-08 19:42:37 - [MESSAGE][PASSED] - Text 'standard_user' is set on object 'Object Repository/Login_Page/username'

2023-01-08 19:42:37 - [TEST_STEP][PASSED] - setEncryptedText(findTestObject("Login_Page/password"), "qcu24s4901FyWDTwXGr6XA=="): Text ****** has been set on object 'Object Repository/Login_Page/password'

2023-01-08 19:42:38 - [MESSAGE][PASSED] - Text ****** has been set on object 'Object Repository/Login_Page/password'

2023-01-08 19:42:38 - [TEST_STEP][PASSED] - click(findTestObject("Login_Page/btn_login")): Object: 'Object Repository/Login_Page/btn_login' is clicked on

2023-01-08 19:42:38 - [MESSAGE][PASSED] - Object: 'Object Repository/Login_Page/btn_login' is clicked on

2023-01-08 19:42:38 - [TEST_STEP][PASSED] - delay(3): Delayed 3 second(s)

2023-01-08 19:42:41 - [MESSAGE][PASSED] - Delayed 3 second(s)

2023-01-08 19:42:41 - [MESSAGE][PASSED] - Call Test Case 'Test Cases/Module-Login/Login - Call' successfully

2023-01-08 19:42:41 - [TEST_STEP][PASSED] - waitForPageLoad(10): Wait for page load successfully

2023-01-08 19:42:41 - [MESSAGE][PASSED] - Wait for page load successfully

2023-01-08 19:42:41 - [TEST_STEP][PASSED] - click(findTestObject("Sort/sort")): Object: 'Object Repository/Sort/sort' is clicked on

2023-01-08 19:42:42 - [MESSAGE][PASSED] - Object: 'Object Repository/Sort/sort' is clicked on

2023-01-08 19:42:42 - [TEST_STEP][PASSED] - selectOptionByValue(findTestObject("Sort/sort"), "lohi", false): All options with value 'lohi' are selected in object 'Object Repository/Sort/sort' 

2023-01-08 19:42:43 - [MESSAGE][PASSED] - All options with value 'lohi' are selected in object 'Object Repository/Sort/sort' 

2023-01-08 19:42:43 - [TEST_STEP][PASSED] - closeBrowser(STOP_ON_FAILURE): Browser is closed

2023-01-08 19:42:44 - [MESSAGE][PASSED] - Browser is closed]]></system-out>
         <system-err><![CDATA[]]></system-err>
      </testcase>
      <testcase name="Test Cases/Module- Inventory and Sort/Inventory - Sort by name (A-Z)" time="10.936" classname="Test Cases/Module- Inventory and Sort/Inventory - Sort by name (A-Z)" status="PASSED">
         <system-out><![CDATA[2023-01-08 19:42:44 - [TEST_CASE][PASSED] - Test Cases/Module- Inventory and Sort/Inventory - Sort by name (A-Z): Test Cases/Module- Inventory and Sort/Inventory - Sort by name (A-Z)

2023-01-08 19:42:44 - [TEST_STEP][PASSED] - callTestCase(findTestCase("Module-Login/Login - Call"), ["username1":"standard_user", "username2":"problem_user", "username3":"performance_glitch_user", "password":"secret_sauce"], STOP_ON_FAILURE): Call Test Case 'Test Cases/Module-Login/Login - Call' successfully

2023-01-08 19:42:44 - [TEST_CASE][PASSED] - Test Cases/Module-Login/Login - Call: Test Cases/Module-Login/Login - Call

2023-01-08 19:42:44 - [TEST_STEP][PASSED] - openBrowser(""): Browser is opened with url: ''

2023-01-08 19:42:44 - [MESSAGE][INFO] - Starting 'Chrome' driver

2023-01-08 19:42:44 - [MESSAGE][INFO] - Action delay is set to 0 milliseconds

2023-01-08 19:42:45 - [MESSAGE][PASSED] - Browser is opened with url: ''

2023-01-08 19:42:45 - [TEST_STEP][PASSED] - navigateToUrl("https://www.saucedemo.com/"): Navigate to 'https://www.saucedemo.com/' successfully

2023-01-08 19:42:46 - [MESSAGE][PASSED] - Navigate to 'https://www.saucedemo.com/' successfully

2023-01-08 19:42:46 - [TEST_STEP][PASSED] - setText(findTestObject("Login_Page/username"), username1): Text 'standard_user' is set on object 'Object Repository/Login_Page/username'

2023-01-08 19:42:47 - [MESSAGE][PASSED] - Text 'standard_user' is set on object 'Object Repository/Login_Page/username'

2023-01-08 19:42:47 - [TEST_STEP][PASSED] - setEncryptedText(findTestObject("Login_Page/password"), "qcu24s4901FyWDTwXGr6XA=="): Text ****** has been set on object 'Object Repository/Login_Page/password'

2023-01-08 19:42:48 - [MESSAGE][PASSED] - Text ****** has been set on object 'Object Repository/Login_Page/password'

2023-01-08 19:42:48 - [TEST_STEP][PASSED] - click(findTestObject("Login_Page/btn_login")): Object: 'Object Repository/Login_Page/btn_login' is clicked on

2023-01-08 19:42:48 - [MESSAGE][PASSED] - Object: 'Object Repository/Login_Page/btn_login' is clicked on

2023-01-08 19:42:48 - [TEST_STEP][PASSED] - delay(3): Delayed 3 second(s)

2023-01-08 19:42:51 - [MESSAGE][PASSED] - Delayed 3 second(s)

2023-01-08 19:42:51 - [MESSAGE][PASSED] - Call Test Case 'Test Cases/Module-Login/Login - Call' successfully

2023-01-08 19:42:51 - [TEST_STEP][PASSED] - waitForPageLoad(10): Wait for page load successfully

2023-01-08 19:42:51 - [MESSAGE][PASSED] - Wait for page load successfully

2023-01-08 19:42:51 - [TEST_STEP][PASSED] - click(findTestObject("Sort/sort")): Object: 'Object Repository/Sort/sort' is clicked on

2023-01-08 19:42:52 - [MESSAGE][PASSED] - Object: 'Object Repository/Sort/sort' is clicked on

2023-01-08 19:42:52 - [TEST_STEP][PASSED] - selectOptionByValue(findTestObject("Sort/sort"), "za", false): All options with value 'za' are selected in object 'Object Repository/Sort/sort' 

2023-01-08 19:42:52 - [MESSAGE][PASSED] - All options with value 'za' are selected in object 'Object Repository/Sort/sort' 

2023-01-08 19:42:52 - [TEST_STEP][PASSED] - click(findTestObject("Sort/sort")): Object: 'Object Repository/Sort/sort' is clicked on

2023-01-08 19:42:53 - [MESSAGE][PASSED] - Object: 'Object Repository/Sort/sort' is clicked on

2023-01-08 19:42:53 - [TEST_STEP][PASSED] - selectOptionByValue(findTestObject("Sort/sort"), "az", false): All options with value 'az' are selected in object 'Object Repository/Sort/sort' 

2023-01-08 19:42:54 - [MESSAGE][PASSED] - All options with value 'az' are selected in object 'Object Repository/Sort/sort' 

2023-01-08 19:42:54 - [TEST_STEP][PASSED] - closeBrowser(STOP_ON_FAILURE): Browser is closed

2023-01-08 19:42:54 - [MESSAGE][PASSED] - Browser is closed]]></system-out>
         <system-err><![CDATA[]]></system-err>
      </testcase>
      <testcase name="Test Cases/Module- Inventory and Sort/Inventory - Sort by name (Z-A)" time="9.488" classname="Test Cases/Module- Inventory and Sort/Inventory - Sort by name (Z-A)" status="PASSED">
         <system-out><![CDATA[2023-01-08 19:42:55 - [TEST_CASE][PASSED] - Test Cases/Module- Inventory and Sort/Inventory - Sort by name (Z-A): Test Cases/Module- Inventory and Sort/Inventory - Sort by name (Z-A)

2023-01-08 19:42:55 - [TEST_STEP][PASSED] - callTestCase(findTestCase("Module-Login/Login - Call"), ["username1":"standard_user", "username2":"problem_user", "username3":"performance_glitch_user", "password":"secret_sauce"], STOP_ON_FAILURE): Call Test Case 'Test Cases/Module-Login/Login - Call' successfully

2023-01-08 19:42:55 - [TEST_CASE][PASSED] - Test Cases/Module-Login/Login - Call: Test Cases/Module-Login/Login - Call

2023-01-08 19:42:55 - [TEST_STEP][PASSED] - openBrowser(""): Browser is opened with url: ''

2023-01-08 19:42:55 - [MESSAGE][INFO] - Starting 'Chrome' driver

2023-01-08 19:42:55 - [MESSAGE][INFO] - Action delay is set to 0 milliseconds

2023-01-08 19:42:56 - [MESSAGE][PASSED] - Browser is opened with url: ''

2023-01-08 19:42:56 - [TEST_STEP][PASSED] - navigateToUrl("https://www.saucedemo.com/"): Navigate to 'https://www.saucedemo.com/' successfully

2023-01-08 19:42:57 - [MESSAGE][PASSED] - Navigate to 'https://www.saucedemo.com/' successfully

2023-01-08 19:42:57 - [TEST_STEP][PASSED] - setText(findTestObject("Login_Page/username"), username1): Text 'standard_user' is set on object 'Object Repository/Login_Page/username'

2023-01-08 19:42:58 - [MESSAGE][PASSED] - Text 'standard_user' is set on object 'Object Repository/Login_Page/username'

2023-01-08 19:42:58 - [TEST_STEP][PASSED] - setEncryptedText(findTestObject("Login_Page/password"), "qcu24s4901FyWDTwXGr6XA=="): Text ****** has been set on object 'Object Repository/Login_Page/password'

2023-01-08 19:42:58 - [MESSAGE][PASSED] - Text ****** has been set on object 'Object Repository/Login_Page/password'

2023-01-08 19:42:58 - [TEST_STEP][PASSED] - click(findTestObject("Login_Page/btn_login")): Object: 'Object Repository/Login_Page/btn_login' is clicked on

2023-01-08 19:42:59 - [MESSAGE][PASSED] - Object: 'Object Repository/Login_Page/btn_login' is clicked on

2023-01-08 19:42:59 - [TEST_STEP][PASSED] - delay(3): Delayed 3 second(s)

2023-01-08 19:43:02 - [MESSAGE][PASSED] - Delayed 3 second(s)

2023-01-08 19:43:02 - [MESSAGE][PASSED] - Call Test Case 'Test Cases/Module-Login/Login - Call' successfully

2023-01-08 19:43:02 - [TEST_STEP][PASSED] - waitForPageLoad(10): Wait for page load successfully

2023-01-08 19:43:02 - [MESSAGE][PASSED] - Wait for page load successfully

2023-01-08 19:43:02 - [TEST_STEP][PASSED] - click(findTestObject("Sort/sort")): Object: 'Object Repository/Sort/sort' is clicked on

2023-01-08 19:43:02 - [MESSAGE][PASSED] - Object: 'Object Repository/Sort/sort' is clicked on

2023-01-08 19:43:02 - [TEST_STEP][PASSED] - selectOptionByValue(findTestObject("Sort/sort"), "za", false): All options with value 'za' are selected in object 'Object Repository/Sort/sort' 

2023-01-08 19:43:03 - [MESSAGE][PASSED] - All options with value 'za' are selected in object 'Object Repository/Sort/sort' 

2023-01-08 19:43:03 - [TEST_STEP][PASSED] - closeBrowser(STOP_ON_FAILURE): Browser is closed

2023-01-08 19:43:04 - [MESSAGE][PASSED] - Browser is closed]]></system-out>
         <system-err><![CDATA[]]></system-err>
      </testcase>
      <testcase name="Test Cases/Module- Cart/Cart - Call" time="14.081" classname="Test Cases/Module- Cart/Cart - Call" status="PASSED">
         <system-out><![CDATA[2023-01-08 19:43:04 - [TEST_CASE][PASSED] - Test Cases/Module- Cart/Cart - Call: Test Cases/Module- Cart/Cart - Call

2023-01-08 19:43:04 - [TEST_STEP][PASSED] - callTestCase(findTestCase("Module- Inventory and Sort/Inventory - Call"), [:], STOP_ON_FAILURE): Call Test Case 'Test Cases/Module- Inventory and Sort/Inventory - Call' successfully

2023-01-08 19:43:04 - [TEST_CASE][PASSED] - Test Cases/Module- Inventory and Sort/Inventory - Call: Test Cases/Module- Inventory and Sort/Inventory - Call

2023-01-08 19:43:04 - [TEST_STEP][PASSED] - callTestCase(findTestCase("Module-Login/Login - Call"), ["username1":"standard_user", "username2":"problem_user", "username3":"performance_glitch_user", "password":"secret_sauce"], STOP_ON_FAILURE): Call Test Case 'Test Cases/Module-Login/Login - Call' successfully

2023-01-08 19:43:04 - [TEST_CASE][PASSED] - Test Cases/Module-Login/Login - Call: Test Cases/Module-Login/Login - Call

2023-01-08 19:43:04 - [TEST_STEP][PASSED] - openBrowser(""): Browser is opened with url: ''

2023-01-08 19:43:05 - [MESSAGE][INFO] - Starting 'Chrome' driver

2023-01-08 19:43:05 - [MESSAGE][INFO] - Action delay is set to 0 milliseconds

2023-01-08 19:43:06 - [MESSAGE][PASSED] - Browser is opened with url: ''

2023-01-08 19:43:06 - [TEST_STEP][PASSED] - navigateToUrl("https://www.saucedemo.com/"): Navigate to 'https://www.saucedemo.com/' successfully

2023-01-08 19:43:06 - [MESSAGE][PASSED] - Navigate to 'https://www.saucedemo.com/' successfully

2023-01-08 19:43:06 - [TEST_STEP][PASSED] - setText(findTestObject("Login_Page/username"), username1): Text 'standard_user' is set on object 'Object Repository/Login_Page/username'

2023-01-08 19:43:07 - [MESSAGE][PASSED] - Text 'standard_user' is set on object 'Object Repository/Login_Page/username'

2023-01-08 19:43:07 - [TEST_STEP][PASSED] - setEncryptedText(findTestObject("Login_Page/password"), "qcu24s4901FyWDTwXGr6XA=="): Text ****** has been set on object 'Object Repository/Login_Page/password'

2023-01-08 19:43:08 - [MESSAGE][PASSED] - Text ****** has been set on object 'Object Repository/Login_Page/password'

2023-01-08 19:43:08 - [TEST_STEP][PASSED] - click(findTestObject("Login_Page/btn_login")): Object: 'Object Repository/Login_Page/btn_login' is clicked on

2023-01-08 19:43:08 - [MESSAGE][PASSED] - Object: 'Object Repository/Login_Page/btn_login' is clicked on

2023-01-08 19:43:08 - [TEST_STEP][PASSED] - delay(3): Delayed 3 second(s)

2023-01-08 19:43:11 - [MESSAGE][PASSED] - Delayed 3 second(s)

2023-01-08 19:43:11 - [MESSAGE][PASSED] - Call Test Case 'Test Cases/Module-Login/Login - Call' successfully

2023-01-08 19:43:11 - [TEST_STEP][PASSED] - waitForPageLoad(10): Wait for page load successfully

2023-01-08 19:43:11 - [MESSAGE][PASSED] - Wait for page load successfully

2023-01-08 19:43:11 - [TEST_STEP][PASSED] - click(findTestObject("btn_items/items1_add to cart")): Object: 'Object Repository/btn_items/items1_add to cart' is clicked on

2023-01-08 19:43:12 - [MESSAGE][PASSED] - Object: 'Object Repository/btn_items/items1_add to cart' is clicked on

2023-01-08 19:43:12 - [TEST_STEP][PASSED] - verifyElementPresent(findTestObject("cart_counter/cart_icon1"), 5): Object 'Object Repository/cart_counter/cart_icon1' is present

2023-01-08 19:43:12 - [MESSAGE][PASSED] - Object 'Object Repository/cart_counter/cart_icon1' is present

2023-01-08 19:43:12 - [TEST_STEP][PASSED] - click(findTestObject("btn_items/items2_add to cart")): Object: 'Object Repository/btn_items/items2_add to cart' is clicked on

2023-01-08 19:43:13 - [MESSAGE][PASSED] - Object: 'Object Repository/btn_items/items2_add to cart' is clicked on

2023-01-08 19:43:13 - [TEST_STEP][PASSED] - verifyElementPresent(findTestObject("cart_counter/cart_icon2"), 5): Object 'Object Repository/cart_counter/cart_icon2' is present

2023-01-08 19:43:13 - [MESSAGE][PASSED] - Object 'Object Repository/cart_counter/cart_icon2' is present

2023-01-08 19:43:13 - [TEST_STEP][PASSED] - click(findTestObject("btn_items/items3_add to cart")): Object: 'Object Repository/btn_items/items3_add to cart' is clicked on

2023-01-08 19:43:14 - [MESSAGE][PASSED] - Object: 'Object Repository/btn_items/items3_add to cart' is clicked on

2023-01-08 19:43:14 - [TEST_STEP][PASSED] - verifyElementPresent(findTestObject("cart_counter/cart_icon3"), 5): Object 'Object Repository/cart_counter/cart_icon3' is present

2023-01-08 19:43:14 - [MESSAGE][PASSED] - Object 'Object Repository/cart_counter/cart_icon3' is present

2023-01-08 19:43:14 - [TEST_STEP][PASSED] - click(findTestObject("btn_items/items4_add to cart")): Object: 'Object Repository/btn_items/items4_add to cart' is clicked on

2023-01-08 19:43:15 - [MESSAGE][PASSED] - Object: 'Object Repository/btn_items/items4_add to cart' is clicked on

2023-01-08 19:43:15 - [TEST_STEP][PASSED] - verifyElementPresent(findTestObject("cart_counter/cart_icon4"), 5): Object 'Object Repository/cart_counter/cart_icon4' is present

2023-01-08 19:43:15 - [MESSAGE][PASSED] - Object 'Object Repository/cart_counter/cart_icon4' is present

2023-01-08 19:43:15 - [TEST_STEP][PASSED] - click(findTestObject("btn_items/items5_add to cart")): Object: 'Object Repository/btn_items/items5_add to cart' is clicked on

2023-01-08 19:43:15 - [MESSAGE][PASSED] - Object: 'Object Repository/btn_items/items5_add to cart' is clicked on

2023-01-08 19:43:15 - [TEST_STEP][PASSED] - verifyElementPresent(findTestObject("cart_counter/cart_icon5"), 5): Object 'Object Repository/cart_counter/cart_icon5' is present

2023-01-08 19:43:16 - [MESSAGE][PASSED] - Object 'Object Repository/cart_counter/cart_icon5' is present

2023-01-08 19:43:16 - [TEST_STEP][PASSED] - click(findTestObject("btn_items/items6_add to cart")): Object: 'Object Repository/btn_items/items6_add to cart' is clicked on

2023-01-08 19:43:16 - [MESSAGE][PASSED] - Object: 'Object Repository/btn_items/items6_add to cart' is clicked on

2023-01-08 19:43:16 - [TEST_STEP][PASSED] - verifyElementPresent(findTestObject("cart_counter/cart_icon6"), 5): Object 'Object Repository/cart_counter/cart_icon6' is present

2023-01-08 19:43:17 - [MESSAGE][PASSED] - Object 'Object Repository/cart_counter/cart_icon6' is present

2023-01-08 19:43:17 - [TEST_STEP][PASSED] - click(findTestObject("cart/cart")): Object: 'Object Repository/cart/cart' is clicked on

2023-01-08 19:43:17 - [MESSAGE][PASSED] - Object: 'Object Repository/cart/cart' is clicked on

2023-01-08 19:43:17 - [MESSAGE][PASSED] - Call Test Case 'Test Cases/Module- Inventory and Sort/Inventory - Call' successfully

2023-01-08 19:43:17 - [TEST_STEP][PASSED] - click(findTestObject("cart/button_Checkout")): Object: 'Object Repository/cart/button_Checkout' is clicked on

2023-01-08 19:43:18 - [MESSAGE][PASSED] - Object: 'Object Repository/cart/button_Checkout' is clicked on]]></system-out>
         <system-err><![CDATA[]]></system-err>
      </testcase>
      <testcase name="Test Cases/Module- Cart/Cart - Checkout empty cart" time="10.19" classname="Test Cases/Module- Cart/Cart - Checkout empty cart" status="PASSED">
         <system-out><![CDATA[2023-01-08 19:43:18 - [TEST_CASE][PASSED] - Test Cases/Module- Cart/Cart - Checkout empty cart: Test Cases/Module- Cart/Cart - Checkout empty cart

2023-01-08 19:43:18 - [TEST_STEP][PASSED] - callTestCase(findTestCase("Module-Login/Login - Call"), ["username1":"standard_user", "username2":"problem_user", "username3":"performance_glitch_user", "password":"secret_sauce"], STOP_ON_FAILURE): Call Test Case 'Test Cases/Module-Login/Login - Call' successfully

2023-01-08 19:43:19 - [TEST_CASE][PASSED] - Test Cases/Module-Login/Login - Call: Test Cases/Module-Login/Login - Call

2023-01-08 19:43:19 - [TEST_STEP][PASSED] - openBrowser(""): Browser is opened with url: ''

2023-01-08 19:43:19 - [MESSAGE][WARNING] - A browser is already opened. Closing browser and opening a new one

2023-01-08 19:43:19 - [MESSAGE][INFO] - Starting 'Chrome' driver

2023-01-08 19:43:19 - [MESSAGE][INFO] - Action delay is set to 0 milliseconds

2023-01-08 19:43:21 - [MESSAGE][PASSED] - Browser is opened with url: ''

2023-01-08 19:43:21 - [TEST_STEP][PASSED] - navigateToUrl("https://www.saucedemo.com/"): Navigate to 'https://www.saucedemo.com/' successfully

2023-01-08 19:43:21 - [MESSAGE][PASSED] - Navigate to 'https://www.saucedemo.com/' successfully

2023-01-08 19:43:21 - [TEST_STEP][PASSED] - setText(findTestObject("Login_Page/username"), username1): Text 'standard_user' is set on object 'Object Repository/Login_Page/username'

2023-01-08 19:43:22 - [MESSAGE][PASSED] - Text 'standard_user' is set on object 'Object Repository/Login_Page/username'

2023-01-08 19:43:22 - [TEST_STEP][PASSED] - setEncryptedText(findTestObject("Login_Page/password"), "qcu24s4901FyWDTwXGr6XA=="): Text ****** has been set on object 'Object Repository/Login_Page/password'

2023-01-08 19:43:22 - [MESSAGE][PASSED] - Text ****** has been set on object 'Object Repository/Login_Page/password'

2023-01-08 19:43:22 - [TEST_STEP][PASSED] - click(findTestObject("Login_Page/btn_login")): Object: 'Object Repository/Login_Page/btn_login' is clicked on

2023-01-08 19:43:23 - [MESSAGE][PASSED] - Object: 'Object Repository/Login_Page/btn_login' is clicked on

2023-01-08 19:43:23 - [TEST_STEP][PASSED] - delay(3): Delayed 3 second(s)

2023-01-08 19:43:26 - [MESSAGE][PASSED] - Delayed 3 second(s)

2023-01-08 19:43:26 - [MESSAGE][PASSED] - Call Test Case 'Test Cases/Module-Login/Login - Call' successfully

2023-01-08 19:43:26 - [TEST_STEP][PASSED] - click(findTestObject("cart/cart")): Object: 'Object Repository/cart/cart' is clicked on

2023-01-08 19:43:27 - [MESSAGE][PASSED] - Object: 'Object Repository/cart/cart' is clicked on

2023-01-08 19:43:27 - [TEST_STEP][PASSED] - click(findTestObject("cart/button_Checkout")): Object: 'Object Repository/cart/button_Checkout' is clicked on

2023-01-08 19:43:27 - [MESSAGE][PASSED] - Object: 'Object Repository/cart/button_Checkout' is clicked on

2023-01-08 19:43:27 - [TEST_STEP][PASSED] - verifyElementPresent(findTestObject("form/header"), 5, CONTINUE_ON_FAILURE): Object 'Object Repository/form/header' is present

2023-01-08 19:43:28 - [MESSAGE][PASSED] - Object 'Object Repository/form/header' is present

2023-01-08 19:43:28 - [TEST_STEP][PASSED] - closeBrowser(STOP_ON_FAILURE): Browser is closed

2023-01-08 19:43:28 - [MESSAGE][PASSED] - Browser is closed]]></system-out>
         <system-err><![CDATA[]]></system-err>
      </testcase>
      <testcase name="Test Cases/Module- Cart/Cart - Checkout items" time="14.909" classname="Test Cases/Module- Cart/Cart - Checkout items" status="PASSED">
         <system-out><![CDATA[2023-01-08 19:43:28 - [TEST_CASE][PASSED] - Test Cases/Module- Cart/Cart - Checkout items: Test Cases/Module- Cart/Cart - Checkout items

2023-01-08 19:43:29 - [TEST_STEP][PASSED] - callTestCase(findTestCase("Module- Inventory and Sort/Inventory - Call"), [:], STOP_ON_FAILURE): Call Test Case 'Test Cases/Module- Inventory and Sort/Inventory - Call' successfully

2023-01-08 19:43:29 - [TEST_CASE][PASSED] - Test Cases/Module- Inventory and Sort/Inventory - Call: Test Cases/Module- Inventory and Sort/Inventory - Call

2023-01-08 19:43:29 - [TEST_STEP][PASSED] - callTestCase(findTestCase("Module-Login/Login - Call"), ["username1":"standard_user", "username2":"problem_user", "username3":"performance_glitch_user", "password":"secret_sauce"], STOP_ON_FAILURE): Call Test Case 'Test Cases/Module-Login/Login - Call' successfully

2023-01-08 19:43:29 - [TEST_CASE][PASSED] - Test Cases/Module-Login/Login - Call: Test Cases/Module-Login/Login - Call

2023-01-08 19:43:29 - [TEST_STEP][PASSED] - openBrowser(""): Browser is opened with url: ''

2023-01-08 19:43:29 - [MESSAGE][INFO] - Starting 'Chrome' driver

2023-01-08 19:43:29 - [MESSAGE][INFO] - Action delay is set to 0 milliseconds

2023-01-08 19:43:30 - [MESSAGE][PASSED] - Browser is opened with url: ''

2023-01-08 19:43:30 - [TEST_STEP][PASSED] - navigateToUrl("https://www.saucedemo.com/"): Navigate to 'https://www.saucedemo.com/' successfully

2023-01-08 19:43:31 - [MESSAGE][PASSED] - Navigate to 'https://www.saucedemo.com/' successfully

2023-01-08 19:43:31 - [TEST_STEP][PASSED] - setText(findTestObject("Login_Page/username"), username1): Text 'standard_user' is set on object 'Object Repository/Login_Page/username'

2023-01-08 19:43:31 - [MESSAGE][PASSED] - Text 'standard_user' is set on object 'Object Repository/Login_Page/username'

2023-01-08 19:43:31 - [TEST_STEP][PASSED] - setEncryptedText(findTestObject("Login_Page/password"), "qcu24s4901FyWDTwXGr6XA=="): Text ****** has been set on object 'Object Repository/Login_Page/password'

2023-01-08 19:43:32 - [MESSAGE][PASSED] - Text ****** has been set on object 'Object Repository/Login_Page/password'

2023-01-08 19:43:32 - [TEST_STEP][PASSED] - click(findTestObject("Login_Page/btn_login")): Object: 'Object Repository/Login_Page/btn_login' is clicked on

2023-01-08 19:43:33 - [MESSAGE][PASSED] - Object: 'Object Repository/Login_Page/btn_login' is clicked on

2023-01-08 19:43:33 - [TEST_STEP][PASSED] - delay(3): Delayed 3 second(s)

2023-01-08 19:43:36 - [MESSAGE][PASSED] - Delayed 3 second(s)

2023-01-08 19:43:36 - [MESSAGE][PASSED] - Call Test Case 'Test Cases/Module-Login/Login - Call' successfully

2023-01-08 19:43:36 - [TEST_STEP][PASSED] - waitForPageLoad(10): Wait for page load successfully

2023-01-08 19:43:36 - [MESSAGE][PASSED] - Wait for page load successfully

2023-01-08 19:43:36 - [TEST_STEP][PASSED] - click(findTestObject("btn_items/items1_add to cart")): Object: 'Object Repository/btn_items/items1_add to cart' is clicked on

2023-01-08 19:43:36 - [MESSAGE][PASSED] - Object: 'Object Repository/btn_items/items1_add to cart' is clicked on

2023-01-08 19:43:36 - [TEST_STEP][PASSED] - verifyElementPresent(findTestObject("cart_counter/cart_icon1"), 5): Object 'Object Repository/cart_counter/cart_icon1' is present

2023-01-08 19:43:37 - [MESSAGE][PASSED] - Object 'Object Repository/cart_counter/cart_icon1' is present

2023-01-08 19:43:37 - [TEST_STEP][PASSED] - click(findTestObject("btn_items/items2_add to cart")): Object: 'Object Repository/btn_items/items2_add to cart' is clicked on

2023-01-08 19:43:37 - [MESSAGE][PASSED] - Object: 'Object Repository/btn_items/items2_add to cart' is clicked on

2023-01-08 19:43:37 - [TEST_STEP][PASSED] - verifyElementPresent(findTestObject("cart_counter/cart_icon2"), 5): Object 'Object Repository/cart_counter/cart_icon2' is present

2023-01-08 19:43:37 - [MESSAGE][PASSED] - Object 'Object Repository/cart_counter/cart_icon2' is present

2023-01-08 19:43:37 - [TEST_STEP][PASSED] - click(findTestObject("btn_items/items3_add to cart")): Object: 'Object Repository/btn_items/items3_add to cart' is clicked on

2023-01-08 19:43:38 - [MESSAGE][PASSED] - Object: 'Object Repository/btn_items/items3_add to cart' is clicked on

2023-01-08 19:43:38 - [TEST_STEP][PASSED] - verifyElementPresent(findTestObject("cart_counter/cart_icon3"), 5): Object 'Object Repository/cart_counter/cart_icon3' is present

2023-01-08 19:43:38 - [MESSAGE][PASSED] - Object 'Object Repository/cart_counter/cart_icon3' is present

2023-01-08 19:43:38 - [TEST_STEP][PASSED] - click(findTestObject("btn_items/items4_add to cart")): Object: 'Object Repository/btn_items/items4_add to cart' is clicked on

2023-01-08 19:43:39 - [MESSAGE][PASSED] - Object: 'Object Repository/btn_items/items4_add to cart' is clicked on

2023-01-08 19:43:39 - [TEST_STEP][PASSED] - verifyElementPresent(findTestObject("cart_counter/cart_icon4"), 5): Object 'Object Repository/cart_counter/cart_icon4' is present

2023-01-08 19:43:39 - [MESSAGE][PASSED] - Object 'Object Repository/cart_counter/cart_icon4' is present

2023-01-08 19:43:39 - [TEST_STEP][PASSED] - click(findTestObject("btn_items/items5_add to cart")): Object: 'Object Repository/btn_items/items5_add to cart' is clicked on

2023-01-08 19:43:40 - [MESSAGE][PASSED] - Object: 'Object Repository/btn_items/items5_add to cart' is clicked on

2023-01-08 19:43:40 - [TEST_STEP][PASSED] - verifyElementPresent(findTestObject("cart_counter/cart_icon5"), 5): Object 'Object Repository/cart_counter/cart_icon5' is present

2023-01-08 19:43:40 - [MESSAGE][PASSED] - Object 'Object Repository/cart_counter/cart_icon5' is present

2023-01-08 19:43:40 - [TEST_STEP][PASSED] - click(findTestObject("btn_items/items6_add to cart")): Object: 'Object Repository/btn_items/items6_add to cart' is clicked on

2023-01-08 19:43:40 - [MESSAGE][PASSED] - Object: 'Object Repository/btn_items/items6_add to cart' is clicked on

2023-01-08 19:43:40 - [TEST_STEP][PASSED] - verifyElementPresent(findTestObject("cart_counter/cart_icon6"), 5): Object 'Object Repository/cart_counter/cart_icon6' is present

2023-01-08 19:43:41 - [MESSAGE][PASSED] - Object 'Object Repository/cart_counter/cart_icon6' is present

2023-01-08 19:43:41 - [TEST_STEP][PASSED] - click(findTestObject("cart/cart")): Object: 'Object Repository/cart/cart' is clicked on

2023-01-08 19:43:41 - [MESSAGE][PASSED] - Object: 'Object Repository/cart/cart' is clicked on

2023-01-08 19:43:41 - [MESSAGE][PASSED] - Call Test Case 'Test Cases/Module- Inventory and Sort/Inventory - Call' successfully

2023-01-08 19:43:41 - [TEST_STEP][PASSED] - click(findTestObject("cart/button_Checkout")): Object: 'Object Repository/cart/button_Checkout' is clicked on

2023-01-08 19:43:42 - [MESSAGE][PASSED] - Object: 'Object Repository/cart/button_Checkout' is clicked on

2023-01-08 19:43:42 - [TEST_STEP][PASSED] - verifyElementPresent(findTestObject("form/header"), 10): Object 'Object Repository/form/header' is present

2023-01-08 19:43:42 - [MESSAGE][PASSED] - Object 'Object Repository/form/header' is present

2023-01-08 19:43:42 - [TEST_STEP][PASSED] - closeBrowser(STOP_ON_FAILURE): Browser is closed

2023-01-08 19:43:43 - [MESSAGE][PASSED] - Browser is closed]]></system-out>
         <system-err><![CDATA[]]></system-err>
      </testcase>
      <testcase name="Test Cases/Module- Cart/Cart - Remove items in cart" time="17.588" classname="Test Cases/Module- Cart/Cart - Remove items in cart" status="PASSED">
         <system-out><![CDATA[2023-01-08 19:43:43 - [TEST_CASE][PASSED] - Test Cases/Module- Cart/Cart - Remove items in cart: Test Cases/Module- Cart/Cart - Remove items in cart

2023-01-08 19:43:43 - [TEST_STEP][PASSED] - callTestCase(findTestCase("Module- Inventory and Sort/Inventory - Call"), [:], STOP_ON_FAILURE): Call Test Case 'Test Cases/Module- Inventory and Sort/Inventory - Call' successfully

2023-01-08 19:43:44 - [TEST_CASE][PASSED] - Test Cases/Module- Inventory and Sort/Inventory - Call: Test Cases/Module- Inventory and Sort/Inventory - Call

2023-01-08 19:43:44 - [TEST_STEP][PASSED] - callTestCase(findTestCase("Module-Login/Login - Call"), ["username1":"standard_user", "username2":"problem_user", "username3":"performance_glitch_user", "password":"secret_sauce"], STOP_ON_FAILURE): Call Test Case 'Test Cases/Module-Login/Login - Call' successfully

2023-01-08 19:43:44 - [TEST_CASE][PASSED] - Test Cases/Module-Login/Login - Call: Test Cases/Module-Login/Login - Call

2023-01-08 19:43:44 - [TEST_STEP][PASSED] - openBrowser(""): Browser is opened with url: ''

2023-01-08 19:43:44 - [MESSAGE][INFO] - Starting 'Chrome' driver

2023-01-08 19:43:44 - [MESSAGE][INFO] - Action delay is set to 0 milliseconds

2023-01-08 19:43:45 - [MESSAGE][PASSED] - Browser is opened with url: ''

2023-01-08 19:43:45 - [TEST_STEP][PASSED] - navigateToUrl("https://www.saucedemo.com/"): Navigate to 'https://www.saucedemo.com/' successfully

2023-01-08 19:43:45 - [MESSAGE][PASSED] - Navigate to 'https://www.saucedemo.com/' successfully

2023-01-08 19:43:45 - [TEST_STEP][PASSED] - setText(findTestObject("Login_Page/username"), username1): Text 'standard_user' is set on object 'Object Repository/Login_Page/username'

2023-01-08 19:43:46 - [MESSAGE][PASSED] - Text 'standard_user' is set on object 'Object Repository/Login_Page/username'

2023-01-08 19:43:46 - [TEST_STEP][PASSED] - setEncryptedText(findTestObject("Login_Page/password"), "qcu24s4901FyWDTwXGr6XA=="): Text ****** has been set on object 'Object Repository/Login_Page/password'

2023-01-08 19:43:47 - [MESSAGE][PASSED] - Text ****** has been set on object 'Object Repository/Login_Page/password'

2023-01-08 19:43:47 - [TEST_STEP][PASSED] - click(findTestObject("Login_Page/btn_login")): Object: 'Object Repository/Login_Page/btn_login' is clicked on

2023-01-08 19:43:47 - [MESSAGE][PASSED] - Object: 'Object Repository/Login_Page/btn_login' is clicked on

2023-01-08 19:43:47 - [TEST_STEP][PASSED] - delay(3): Delayed 3 second(s)

2023-01-08 19:43:50 - [MESSAGE][PASSED] - Delayed 3 second(s)

2023-01-08 19:43:50 - [MESSAGE][PASSED] - Call Test Case 'Test Cases/Module-Login/Login - Call' successfully

2023-01-08 19:43:50 - [TEST_STEP][PASSED] - waitForPageLoad(10): Wait for page load successfully

2023-01-08 19:43:50 - [MESSAGE][PASSED] - Wait for page load successfully

2023-01-08 19:43:50 - [TEST_STEP][PASSED] - click(findTestObject("btn_items/items1_add to cart")): Object: 'Object Repository/btn_items/items1_add to cart' is clicked on

2023-01-08 19:43:51 - [MESSAGE][PASSED] - Object: 'Object Repository/btn_items/items1_add to cart' is clicked on

2023-01-08 19:43:51 - [TEST_STEP][PASSED] - verifyElementPresent(findTestObject("cart_counter/cart_icon1"), 5): Object 'Object Repository/cart_counter/cart_icon1' is present

2023-01-08 19:43:51 - [MESSAGE][PASSED] - Object 'Object Repository/cart_counter/cart_icon1' is present

2023-01-08 19:43:51 - [TEST_STEP][PASSED] - click(findTestObject("btn_items/items2_add to cart")): Object: 'Object Repository/btn_items/items2_add to cart' is clicked on

2023-01-08 19:43:52 - [MESSAGE][PASSED] - Object: 'Object Repository/btn_items/items2_add to cart' is clicked on

2023-01-08 19:43:52 - [TEST_STEP][PASSED] - verifyElementPresent(findTestObject("cart_counter/cart_icon2"), 5): Object 'Object Repository/cart_counter/cart_icon2' is present

2023-01-08 19:43:52 - [MESSAGE][PASSED] - Object 'Object Repository/cart_counter/cart_icon2' is present

2023-01-08 19:43:52 - [TEST_STEP][PASSED] - click(findTestObject("btn_items/items3_add to cart")): Object: 'Object Repository/btn_items/items3_add to cart' is clicked on

2023-01-08 19:43:53 - [MESSAGE][PASSED] - Object: 'Object Repository/btn_items/items3_add to cart' is clicked on

2023-01-08 19:43:53 - [TEST_STEP][PASSED] - verifyElementPresent(findTestObject("cart_counter/cart_icon3"), 5): Object 'Object Repository/cart_counter/cart_icon3' is present

2023-01-08 19:43:53 - [MESSAGE][PASSED] - Object 'Object Repository/cart_counter/cart_icon3' is present

2023-01-08 19:43:53 - [TEST_STEP][PASSED] - click(findTestObject("btn_items/items4_add to cart")): Object: 'Object Repository/btn_items/items4_add to cart' is clicked on

2023-01-08 19:43:54 - [MESSAGE][PASSED] - Object: 'Object Repository/btn_items/items4_add to cart' is clicked on

2023-01-08 19:43:54 - [TEST_STEP][PASSED] - verifyElementPresent(findTestObject("cart_counter/cart_icon4"), 5): Object 'Object Repository/cart_counter/cart_icon4' is present

2023-01-08 19:43:54 - [MESSAGE][PASSED] - Object 'Object Repository/cart_counter/cart_icon4' is present

2023-01-08 19:43:54 - [TEST_STEP][PASSED] - click(findTestObject("btn_items/items5_add to cart")): Object: 'Object Repository/btn_items/items5_add to cart' is clicked on

2023-01-08 19:43:54 - [MESSAGE][PASSED] - Object: 'Object Repository/btn_items/items5_add to cart' is clicked on

2023-01-08 19:43:54 - [TEST_STEP][PASSED] - verifyElementPresent(findTestObject("cart_counter/cart_icon5"), 5): Object 'Object Repository/cart_counter/cart_icon5' is present

2023-01-08 19:43:55 - [MESSAGE][PASSED] - Object 'Object Repository/cart_counter/cart_icon5' is present

2023-01-08 19:43:55 - [TEST_STEP][PASSED] - click(findTestObject("btn_items/items6_add to cart")): Object: 'Object Repository/btn_items/items6_add to cart' is clicked on

2023-01-08 19:43:55 - [MESSAGE][PASSED] - Object: 'Object Repository/btn_items/items6_add to cart' is clicked on

2023-01-08 19:43:55 - [TEST_STEP][PASSED] - verifyElementPresent(findTestObject("cart_counter/cart_icon6"), 5): Object 'Object Repository/cart_counter/cart_icon6' is present

2023-01-08 19:43:56 - [MESSAGE][PASSED] - Object 'Object Repository/cart_counter/cart_icon6' is present

2023-01-08 19:43:56 - [TEST_STEP][PASSED] - click(findTestObject("cart/cart")): Object: 'Object Repository/cart/cart' is clicked on

2023-01-08 19:43:56 - [MESSAGE][PASSED] - Object: 'Object Repository/cart/cart' is clicked on

2023-01-08 19:43:56 - [MESSAGE][PASSED] - Call Test Case 'Test Cases/Module- Inventory and Sort/Inventory - Call' successfully

2023-01-08 19:43:56 - [TEST_STEP][PASSED] - click(findTestObject("remove/items1_remove")): Object: 'Object Repository/remove/items1_remove' is clicked on

2023-01-08 19:43:57 - [MESSAGE][PASSED] - Object: 'Object Repository/remove/items1_remove' is clicked on

2023-01-08 19:43:57 - [TEST_STEP][PASSED] - click(findTestObject("remove/items2_remove")): Object: 'Object Repository/remove/items2_remove' is clicked on

2023-01-08 19:43:57 - [MESSAGE][PASSED] - Object: 'Object Repository/remove/items2_remove' is clicked on

2023-01-08 19:43:57 - [TEST_STEP][PASSED] - click(findTestObject("remove/items3_remove")): Object: 'Object Repository/remove/items3_remove' is clicked on

2023-01-08 19:43:58 - [MESSAGE][PASSED] - Object: 'Object Repository/remove/items3_remove' is clicked on

2023-01-08 19:43:58 - [TEST_STEP][PASSED] - click(findTestObject("remove/items4_remove")): Object: 'Object Repository/remove/items4_remove' is clicked on

2023-01-08 19:43:58 - [MESSAGE][PASSED] - Object: 'Object Repository/remove/items4_remove' is clicked on

2023-01-08 19:43:58 - [TEST_STEP][PASSED] - click(findTestObject("remove/items5_remove")): Object: 'Object Repository/remove/items5_remove' is clicked on

2023-01-08 19:43:59 - [MESSAGE][PASSED] - Object: 'Object Repository/remove/items5_remove' is clicked on

2023-01-08 19:43:59 - [TEST_STEP][PASSED] - click(findTestObject("remove/items6_remove")): Object: 'Object Repository/remove/items6_remove' is clicked on

2023-01-08 19:44:00 - [MESSAGE][PASSED] - Object: 'Object Repository/remove/items6_remove' is clicked on

2023-01-08 19:44:00 - [TEST_STEP][PASSED] - verifyElementNotPresent(findTestObject("cart/div_Sauce Labs Backpack"), 0): Web element with id: 'Object Repository/cart/div_Sauce Labs Backpack' located by 'By.xpath: //a[@id='item_4_title_link']/div' is not present after '30' second(s)

2023-01-08 19:44:00 - [MESSAGE][WARNING] - Timeout '0' is invalid. Using default page load timeout: '30'

2023-01-08 19:44:00 - [MESSAGE][PASSED] - Web element with id: 'Object Repository/cart/div_Sauce Labs Backpack' located by 'By.xpath: //a[@id='item_4_title_link']/div' is not present after '30' second(s)

2023-01-08 19:44:00 - [TEST_STEP][PASSED] - closeBrowser(STOP_ON_FAILURE): Browser is closed

2023-01-08 19:44:01 - [MESSAGE][PASSED] - Browser is closed]]></system-out>
         <system-err><![CDATA[]]></system-err>
      </testcase>
      <testcase name="Test Cases/Module- Cart/Cart - See items that added to cart" time="10.238" classname="Test Cases/Module- Cart/Cart - See items that added to cart" status="PASSED">
         <system-out><![CDATA[2023-01-08 19:44:01 - [TEST_CASE][PASSED] - Test Cases/Module- Cart/Cart - See items that added to cart: Test Cases/Module- Cart/Cart - See items that added to cart

2023-01-08 19:44:01 - [TEST_STEP][PASSED] - callTestCase(findTestCase("Module-Login/Login - Call"), ["username1":"standard_user", "username2":"problem_user", "username3":"performance_glitch_user", "password":"secret_sauce"], STOP_ON_FAILURE): Call Test Case 'Test Cases/Module-Login/Login - Call' successfully

2023-01-08 19:44:01 - [TEST_CASE][PASSED] - Test Cases/Module-Login/Login - Call: Test Cases/Module-Login/Login - Call

2023-01-08 19:44:01 - [TEST_STEP][PASSED] - openBrowser(""): Browser is opened with url: ''

2023-01-08 19:44:01 - [MESSAGE][INFO] - Starting 'Chrome' driver

2023-01-08 19:44:01 - [MESSAGE][INFO] - Action delay is set to 0 milliseconds

2023-01-08 19:44:03 - [MESSAGE][PASSED] - Browser is opened with url: ''

2023-01-08 19:44:03 - [TEST_STEP][PASSED] - navigateToUrl("https://www.saucedemo.com/"): Navigate to 'https://www.saucedemo.com/' successfully

2023-01-08 19:44:03 - [MESSAGE][PASSED] - Navigate to 'https://www.saucedemo.com/' successfully

2023-01-08 19:44:03 - [TEST_STEP][PASSED] - setText(findTestObject("Login_Page/username"), username1): Text 'standard_user' is set on object 'Object Repository/Login_Page/username'

2023-01-08 19:44:04 - [MESSAGE][PASSED] - Text 'standard_user' is set on object 'Object Repository/Login_Page/username'

2023-01-08 19:44:04 - [TEST_STEP][PASSED] - setEncryptedText(findTestObject("Login_Page/password"), "qcu24s4901FyWDTwXGr6XA=="): Text ****** has been set on object 'Object Repository/Login_Page/password'

2023-01-08 19:44:05 - [MESSAGE][PASSED] - Text ****** has been set on object 'Object Repository/Login_Page/password'

2023-01-08 19:44:05 - [TEST_STEP][PASSED] - click(findTestObject("Login_Page/btn_login")): Object: 'Object Repository/Login_Page/btn_login' is clicked on

2023-01-08 19:44:05 - [MESSAGE][PASSED] - Object: 'Object Repository/Login_Page/btn_login' is clicked on

2023-01-08 19:44:05 - [TEST_STEP][PASSED] - delay(3): Delayed 3 second(s)

2023-01-08 19:44:08 - [MESSAGE][PASSED] - Delayed 3 second(s)

2023-01-08 19:44:08 - [MESSAGE][PASSED] - Call Test Case 'Test Cases/Module-Login/Login - Call' successfully

2023-01-08 19:44:08 - [TEST_STEP][PASSED] - click(findTestObject("btn_items/items1_add to cart")): Object: 'Object Repository/btn_items/items1_add to cart' is clicked on

2023-01-08 19:44:08 - [MESSAGE][PASSED] - Object: 'Object Repository/btn_items/items1_add to cart' is clicked on

2023-01-08 19:44:08 - [TEST_STEP][PASSED] - click(findTestObject("btn_items/items2_add to cart")): Object: 'Object Repository/btn_items/items2_add to cart' is clicked on

2023-01-08 19:44:09 - [MESSAGE][PASSED] - Object: 'Object Repository/btn_items/items2_add to cart' is clicked on

2023-01-08 19:44:09 - [TEST_STEP][PASSED] - click(findTestObject("cart/cart")): Object: 'Object Repository/cart/cart' is clicked on

2023-01-08 19:44:09 - [MESSAGE][PASSED] - Object: 'Object Repository/cart/cart' is clicked on

2023-01-08 19:44:09 - [TEST_STEP][PASSED] - verifyElementVisible(findTestObject("cart/div_Sauce Labs Backpack")): Object 'Object Repository/cart/div_Sauce Labs Backpack' is visible

2023-01-08 19:44:10 - [MESSAGE][PASSED] - Object 'Object Repository/cart/div_Sauce Labs Backpack' is visible

2023-01-08 19:44:10 - [TEST_STEP][PASSED] - verifyElementVisible(findTestObject("cart/div_Sauce Labs Bike Light")): Object 'Object Repository/cart/div_Sauce Labs Bike Light' is visible

2023-01-08 19:44:10 - [MESSAGE][PASSED] - Object 'Object Repository/cart/div_Sauce Labs Bike Light' is visible

2023-01-08 19:44:10 - [TEST_STEP][PASSED] - closeBrowser(STOP_ON_FAILURE): Browser is closed

2023-01-08 19:44:11 - [MESSAGE][PASSED] - Browser is closed]]></system-out>
         <system-err><![CDATA[]]></system-err>
      </testcase>
      <testcase name="Test Cases/Module- Cart/Cart-Page" time="18.148" classname="Test Cases/Module- Cart/Cart-Page" status="PASSED">
         <system-out><![CDATA[2023-01-08 19:44:11 - [TEST_CASE][PASSED] - Test Cases/Module- Cart/Cart-Page: Test Cases/Module- Cart/Cart-Page

2023-01-08 19:44:11 - [TEST_STEP][PASSED] - callTestCase(findTestCase("Module- Inventory and Sort/Inventory - Call"), [:], STOP_ON_FAILURE): Call Test Case 'Test Cases/Module- Inventory and Sort/Inventory - Call' successfully

2023-01-08 19:44:11 - [TEST_CASE][PASSED] - Test Cases/Module- Inventory and Sort/Inventory - Call: Test Cases/Module- Inventory and Sort/Inventory - Call

2023-01-08 19:44:11 - [TEST_STEP][PASSED] - callTestCase(findTestCase("Module-Login/Login - Call"), ["username1":"standard_user", "username2":"problem_user", "username3":"performance_glitch_user", "password":"secret_sauce"], STOP_ON_FAILURE): Call Test Case 'Test Cases/Module-Login/Login - Call' successfully

2023-01-08 19:44:12 - [TEST_CASE][PASSED] - Test Cases/Module-Login/Login - Call: Test Cases/Module-Login/Login - Call

2023-01-08 19:44:12 - [TEST_STEP][PASSED] - openBrowser(""): Browser is opened with url: ''

2023-01-08 19:44:12 - [MESSAGE][INFO] - Starting 'Chrome' driver

2023-01-08 19:44:12 - [MESSAGE][INFO] - Action delay is set to 0 milliseconds

2023-01-08 19:44:13 - [MESSAGE][PASSED] - Browser is opened with url: ''

2023-01-08 19:44:13 - [TEST_STEP][PASSED] - navigateToUrl("https://www.saucedemo.com/"): Navigate to 'https://www.saucedemo.com/' successfully

2023-01-08 19:44:13 - [MESSAGE][PASSED] - Navigate to 'https://www.saucedemo.com/' successfully

2023-01-08 19:44:13 - [TEST_STEP][PASSED] - setText(findTestObject("Login_Page/username"), username1): Text 'standard_user' is set on object 'Object Repository/Login_Page/username'

2023-01-08 19:44:14 - [MESSAGE][PASSED] - Text 'standard_user' is set on object 'Object Repository/Login_Page/username'

2023-01-08 19:44:14 - [TEST_STEP][PASSED] - setEncryptedText(findTestObject("Login_Page/password"), "qcu24s4901FyWDTwXGr6XA=="): Text ****** has been set on object 'Object Repository/Login_Page/password'

2023-01-08 19:44:15 - [MESSAGE][PASSED] - Text ****** has been set on object 'Object Repository/Login_Page/password'

2023-01-08 19:44:15 - [TEST_STEP][PASSED] - click(findTestObject("Login_Page/btn_login")): Object: 'Object Repository/Login_Page/btn_login' is clicked on

2023-01-08 19:44:15 - [MESSAGE][PASSED] - Object: 'Object Repository/Login_Page/btn_login' is clicked on

2023-01-08 19:44:15 - [TEST_STEP][PASSED] - delay(3): Delayed 3 second(s)

2023-01-08 19:44:18 - [MESSAGE][PASSED] - Delayed 3 second(s)

2023-01-08 19:44:18 - [MESSAGE][PASSED] - Call Test Case 'Test Cases/Module-Login/Login - Call' successfully

2023-01-08 19:44:18 - [TEST_STEP][PASSED] - waitForPageLoad(10): Wait for page load successfully

2023-01-08 19:44:18 - [MESSAGE][PASSED] - Wait for page load successfully

2023-01-08 19:44:18 - [TEST_STEP][PASSED] - click(findTestObject("btn_items/items1_add to cart")): Object: 'Object Repository/btn_items/items1_add to cart' is clicked on

2023-01-08 19:44:19 - [MESSAGE][PASSED] - Object: 'Object Repository/btn_items/items1_add to cart' is clicked on

2023-01-08 19:44:19 - [TEST_STEP][PASSED] - verifyElementPresent(findTestObject("cart_counter/cart_icon1"), 5): Object 'Object Repository/cart_counter/cart_icon1' is present

2023-01-08 19:44:19 - [MESSAGE][PASSED] - Object 'Object Repository/cart_counter/cart_icon1' is present

2023-01-08 19:44:19 - [TEST_STEP][PASSED] - click(findTestObject("btn_items/items2_add to cart")): Object: 'Object Repository/btn_items/items2_add to cart' is clicked on

2023-01-08 19:44:20 - [MESSAGE][PASSED] - Object: 'Object Repository/btn_items/items2_add to cart' is clicked on

2023-01-08 19:44:20 - [TEST_STEP][PASSED] - verifyElementPresent(findTestObject("cart_counter/cart_icon2"), 5): Object 'Object Repository/cart_counter/cart_icon2' is present

2023-01-08 19:44:20 - [MESSAGE][PASSED] - Object 'Object Repository/cart_counter/cart_icon2' is present

2023-01-08 19:44:20 - [TEST_STEP][PASSED] - click(findTestObject("btn_items/items3_add to cart")): Object: 'Object Repository/btn_items/items3_add to cart' is clicked on

2023-01-08 19:44:21 - [MESSAGE][PASSED] - Object: 'Object Repository/btn_items/items3_add to cart' is clicked on

2023-01-08 19:44:21 - [TEST_STEP][PASSED] - verifyElementPresent(findTestObject("cart_counter/cart_icon3"), 5): Object 'Object Repository/cart_counter/cart_icon3' is present

2023-01-08 19:44:21 - [MESSAGE][PASSED] - Object 'Object Repository/cart_counter/cart_icon3' is present

2023-01-08 19:44:21 - [TEST_STEP][PASSED] - click(findTestObject("btn_items/items4_add to cart")): Object: 'Object Repository/btn_items/items4_add to cart' is clicked on

2023-01-08 19:44:22 - [MESSAGE][PASSED] - Object: 'Object Repository/btn_items/items4_add to cart' is clicked on

2023-01-08 19:44:22 - [TEST_STEP][PASSED] - verifyElementPresent(findTestObject("cart_counter/cart_icon4"), 5): Object 'Object Repository/cart_counter/cart_icon4' is present

2023-01-08 19:44:22 - [MESSAGE][PASSED] - Object 'Object Repository/cart_counter/cart_icon4' is present

2023-01-08 19:44:22 - [TEST_STEP][PASSED] - click(findTestObject("btn_items/items5_add to cart")): Object: 'Object Repository/btn_items/items5_add to cart' is clicked on

2023-01-08 19:44:23 - [MESSAGE][PASSED] - Object: 'Object Repository/btn_items/items5_add to cart' is clicked on

2023-01-08 19:44:23 - [TEST_STEP][PASSED] - verifyElementPresent(findTestObject("cart_counter/cart_icon5"), 5): Object 'Object Repository/cart_counter/cart_icon5' is present

2023-01-08 19:44:23 - [MESSAGE][PASSED] - Object 'Object Repository/cart_counter/cart_icon5' is present

2023-01-08 19:44:23 - [TEST_STEP][PASSED] - click(findTestObject("btn_items/items6_add to cart")): Object: 'Object Repository/btn_items/items6_add to cart' is clicked on

2023-01-08 19:44:24 - [MESSAGE][PASSED] - Object: 'Object Repository/btn_items/items6_add to cart' is clicked on

2023-01-08 19:44:24 - [TEST_STEP][PASSED] - verifyElementPresent(findTestObject("cart_counter/cart_icon6"), 5): Object 'Object Repository/cart_counter/cart_icon6' is present

2023-01-08 19:44:24 - [MESSAGE][PASSED] - Object 'Object Repository/cart_counter/cart_icon6' is present

2023-01-08 19:44:24 - [TEST_STEP][PASSED] - click(findTestObject("cart/cart")): Object: 'Object Repository/cart/cart' is clicked on

2023-01-08 19:44:24 - [MESSAGE][PASSED] - Object: 'Object Repository/cart/cart' is clicked on

2023-01-08 19:44:24 - [MESSAGE][PASSED] - Call Test Case 'Test Cases/Module- Inventory and Sort/Inventory - Call' successfully

2023-01-08 19:44:25 - [TEST_STEP][PASSED] - verifyElementPresent(findTestObject("cart/cart_Page"), 0): Object 'Object Repository/cart/cart_Page' is present

2023-01-08 19:44:25 - [MESSAGE][WARNING] - Timeout '0' is invalid. Using default page load timeout: '30'

2023-01-08 19:44:25 - [MESSAGE][PASSED] - Object 'Object Repository/cart/cart_Page' is present

2023-01-08 19:44:25 - [TEST_STEP][PASSED] - verifyElementClickable(findTestObject("cart/button_Checkout"), STOP_ON_FAILURE): Object 'Object Repository/cart/button_Checkout' is clickable

2023-01-08 19:44:25 - [MESSAGE][PASSED] - Object 'Object Repository/cart/button_Checkout' is clickable

2023-01-08 19:44:25 - [TEST_STEP][PASSED] - verifyElementClickable(findTestObject("cart/button_Continue Shopping")): Object 'Object Repository/cart/button_Continue Shopping' is clickable

2023-01-08 19:44:26 - [MESSAGE][PASSED] - Object 'Object Repository/cart/button_Continue Shopping' is clickable

2023-01-08 19:44:26 - [TEST_STEP][PASSED] - verifyElementClickable(findTestObject("cart/btn_removeItems1")): Object 'Object Repository/cart/btn_removeItems1' is clickable

2023-01-08 19:44:26 - [MESSAGE][PASSED] - Object 'Object Repository/cart/btn_removeItems1' is clickable

2023-01-08 19:44:26 - [TEST_STEP][PASSED] - verifyElementClickable(findTestObject("cart/btn_removeItems2")): Object 'Object Repository/cart/btn_removeItems2' is clickable

2023-01-08 19:44:27 - [MESSAGE][PASSED] - Object 'Object Repository/cart/btn_removeItems2' is clickable

2023-01-08 19:44:27 - [TEST_STEP][PASSED] - verifyElementClickable(findTestObject("cart/btn_removeItems3")): Object 'Object Repository/cart/btn_removeItems3' is clickable

2023-01-08 19:44:27 - [MESSAGE][PASSED] - Object 'Object Repository/cart/btn_removeItems3' is clickable

2023-01-08 19:44:27 - [TEST_STEP][PASSED] - verifyElementClickable(findTestObject("cart/btn_removeItems4")): Object 'Object Repository/cart/btn_removeItems4' is clickable

2023-01-08 19:44:28 - [MESSAGE][PASSED] - Object 'Object Repository/cart/btn_removeItems4' is clickable

2023-01-08 19:44:28 - [TEST_STEP][PASSED] - verifyElementClickable(findTestObject("cart/btn_removeItems5")): Object 'Object Repository/cart/btn_removeItems5' is clickable

2023-01-08 19:44:28 - [MESSAGE][PASSED] - Object 'Object Repository/cart/btn_removeItems5' is clickable

2023-01-08 19:44:28 - [TEST_STEP][PASSED] - verifyElementClickable(findTestObject("cart/btn_removeItems6")): Object 'Object Repository/cart/btn_removeItems6' is clickable

2023-01-08 19:44:28 - [MESSAGE][PASSED] - Object 'Object Repository/cart/btn_removeItems6' is clickable

2023-01-08 19:44:28 - [TEST_STEP][PASSED] - closeBrowser(STOP_ON_FAILURE): Browser is closed

2023-01-08 19:44:29 - [MESSAGE][PASSED] - Browser is closed]]></system-out>
         <system-err><![CDATA[]]></system-err>
      </testcase>
      <testcase name="Test Cases/Module- Checkout/Checkout page" time="17.331" classname="Test Cases/Module- Checkout/Checkout page" status="PASSED">
         <system-out><![CDATA[2023-01-08 19:44:29 - [TEST_CASE][PASSED] - Test Cases/Module- Checkout/Checkout page: Test Cases/Module- Checkout/Checkout page

2023-01-08 19:44:30 - [TEST_STEP][PASSED] - callTestCase(findTestCase("Module- Cart/Cart - Call"), [:], STOP_ON_FAILURE): Call Test Case 'Test Cases/Module- Cart/Cart - Call' successfully

2023-01-08 19:44:30 - [TEST_CASE][PASSED] - Test Cases/Module- Cart/Cart - Call: Test Cases/Module- Cart/Cart - Call

2023-01-08 19:44:30 - [TEST_STEP][PASSED] - callTestCase(findTestCase("Module- Inventory and Sort/Inventory - Call"), [:], STOP_ON_FAILURE): Call Test Case 'Test Cases/Module- Inventory and Sort/Inventory - Call' successfully

2023-01-08 19:44:30 - [TEST_CASE][PASSED] - Test Cases/Module- Inventory and Sort/Inventory - Call: Test Cases/Module- Inventory and Sort/Inventory - Call

2023-01-08 19:44:30 - [TEST_STEP][PASSED] - callTestCase(findTestCase("Module-Login/Login - Call"), ["username1":"standard_user", "username2":"problem_user", "username3":"performance_glitch_user", "password":"secret_sauce"], STOP_ON_FAILURE): Call Test Case 'Test Cases/Module-Login/Login - Call' successfully

2023-01-08 19:44:30 - [TEST_CASE][PASSED] - Test Cases/Module-Login/Login - Call: Test Cases/Module-Login/Login - Call

2023-01-08 19:44:30 - [TEST_STEP][PASSED] - openBrowser(""): Browser is opened with url: ''

2023-01-08 19:44:30 - [MESSAGE][INFO] - Starting 'Chrome' driver

2023-01-08 19:44:30 - [MESSAGE][INFO] - Action delay is set to 0 milliseconds

2023-01-08 19:44:31 - [MESSAGE][PASSED] - Browser is opened with url: ''

2023-01-08 19:44:31 - [TEST_STEP][PASSED] - navigateToUrl("https://www.saucedemo.com/"): Navigate to 'https://www.saucedemo.com/' successfully

2023-01-08 19:44:32 - [MESSAGE][PASSED] - Navigate to 'https://www.saucedemo.com/' successfully

2023-01-08 19:44:32 - [TEST_STEP][PASSED] - setText(findTestObject("Login_Page/username"), username1): Text 'standard_user' is set on object 'Object Repository/Login_Page/username'

2023-01-08 19:44:33 - [MESSAGE][PASSED] - Text 'standard_user' is set on object 'Object Repository/Login_Page/username'

2023-01-08 19:44:33 - [TEST_STEP][PASSED] - setEncryptedText(findTestObject("Login_Page/password"), "qcu24s4901FyWDTwXGr6XA=="): Text ****** has been set on object 'Object Repository/Login_Page/password'

2023-01-08 19:44:33 - [MESSAGE][PASSED] - Text ****** has been set on object 'Object Repository/Login_Page/password'

2023-01-08 19:44:33 - [TEST_STEP][PASSED] - click(findTestObject("Login_Page/btn_login")): Object: 'Object Repository/Login_Page/btn_login' is clicked on

2023-01-08 19:44:34 - [MESSAGE][PASSED] - Object: 'Object Repository/Login_Page/btn_login' is clicked on

2023-01-08 19:44:34 - [TEST_STEP][PASSED] - delay(3): Delayed 3 second(s)

2023-01-08 19:44:37 - [MESSAGE][PASSED] - Delayed 3 second(s)

2023-01-08 19:44:37 - [MESSAGE][PASSED] - Call Test Case 'Test Cases/Module-Login/Login - Call' successfully

2023-01-08 19:44:37 - [TEST_STEP][PASSED] - waitForPageLoad(10): Wait for page load successfully

2023-01-08 19:44:37 - [MESSAGE][PASSED] - Wait for page load successfully

2023-01-08 19:44:37 - [TEST_STEP][PASSED] - click(findTestObject("btn_items/items1_add to cart")): Object: 'Object Repository/btn_items/items1_add to cart' is clicked on

2023-01-08 19:44:37 - [MESSAGE][PASSED] - Object: 'Object Repository/btn_items/items1_add to cart' is clicked on

2023-01-08 19:44:37 - [TEST_STEP][PASSED] - verifyElementPresent(findTestObject("cart_counter/cart_icon1"), 5): Object 'Object Repository/cart_counter/cart_icon1' is present

2023-01-08 19:44:37 - [MESSAGE][PASSED] - Object 'Object Repository/cart_counter/cart_icon1' is present

2023-01-08 19:44:37 - [TEST_STEP][PASSED] - click(findTestObject("btn_items/items2_add to cart")): Object: 'Object Repository/btn_items/items2_add to cart' is clicked on

2023-01-08 19:44:38 - [MESSAGE][PASSED] - Object: 'Object Repository/btn_items/items2_add to cart' is clicked on

2023-01-08 19:44:38 - [TEST_STEP][PASSED] - verifyElementPresent(findTestObject("cart_counter/cart_icon2"), 5): Object 'Object Repository/cart_counter/cart_icon2' is present

2023-01-08 19:44:38 - [MESSAGE][PASSED] - Object 'Object Repository/cart_counter/cart_icon2' is present

2023-01-08 19:44:38 - [TEST_STEP][PASSED] - click(findTestObject("btn_items/items3_add to cart")): Object: 'Object Repository/btn_items/items3_add to cart' is clicked on

2023-01-08 19:44:39 - [MESSAGE][PASSED] - Object: 'Object Repository/btn_items/items3_add to cart' is clicked on

2023-01-08 19:44:39 - [TEST_STEP][PASSED] - verifyElementPresent(findTestObject("cart_counter/cart_icon3"), 5): Object 'Object Repository/cart_counter/cart_icon3' is present

2023-01-08 19:44:39 - [MESSAGE][PASSED] - Object 'Object Repository/cart_counter/cart_icon3' is present

2023-01-08 19:44:39 - [TEST_STEP][PASSED] - click(findTestObject("btn_items/items4_add to cart")): Object: 'Object Repository/btn_items/items4_add to cart' is clicked on

2023-01-08 19:44:40 - [MESSAGE][PASSED] - Object: 'Object Repository/btn_items/items4_add to cart' is clicked on

2023-01-08 19:44:40 - [TEST_STEP][PASSED] - verifyElementPresent(findTestObject("cart_counter/cart_icon4"), 5): Object 'Object Repository/cart_counter/cart_icon4' is present

2023-01-08 19:44:40 - [MESSAGE][PASSED] - Object 'Object Repository/cart_counter/cart_icon4' is present

2023-01-08 19:44:40 - [TEST_STEP][PASSED] - click(findTestObject("btn_items/items5_add to cart")): Object: 'Object Repository/btn_items/items5_add to cart' is clicked on

2023-01-08 19:44:41 - [MESSAGE][PASSED] - Object: 'Object Repository/btn_items/items5_add to cart' is clicked on

2023-01-08 19:44:41 - [TEST_STEP][PASSED] - verifyElementPresent(findTestObject("cart_counter/cart_icon5"), 5): Object 'Object Repository/cart_counter/cart_icon5' is present

2023-01-08 19:44:41 - [MESSAGE][PASSED] - Object 'Object Repository/cart_counter/cart_icon5' is present

2023-01-08 19:44:41 - [TEST_STEP][PASSED] - click(findTestObject("btn_items/items6_add to cart")): Object: 'Object Repository/btn_items/items6_add to cart' is clicked on

2023-01-08 19:44:42 - [MESSAGE][PASSED] - Object: 'Object Repository/btn_items/items6_add to cart' is clicked on

2023-01-08 19:44:42 - [TEST_STEP][PASSED] - verifyElementPresent(findTestObject("cart_counter/cart_icon6"), 5): Object 'Object Repository/cart_counter/cart_icon6' is present

2023-01-08 19:44:42 - [MESSAGE][PASSED] - Object 'Object Repository/cart_counter/cart_icon6' is present

2023-01-08 19:44:42 - [TEST_STEP][PASSED] - click(findTestObject("cart/cart")): Object: 'Object Repository/cart/cart' is clicked on

2023-01-08 19:44:43 - [MESSAGE][PASSED] - Object: 'Object Repository/cart/cart' is clicked on

2023-01-08 19:44:43 - [MESSAGE][PASSED] - Call Test Case 'Test Cases/Module- Inventory and Sort/Inventory - Call' successfully

2023-01-08 19:44:43 - [TEST_STEP][PASSED] - click(findTestObject("cart/button_Checkout")): Object: 'Object Repository/cart/button_Checkout' is clicked on

2023-01-08 19:44:43 - [MESSAGE][PASSED] - Object: 'Object Repository/cart/button_Checkout' is clicked on

2023-01-08 19:44:43 - [MESSAGE][PASSED] - Call Test Case 'Test Cases/Module- Cart/Cart - Call' successfully

2023-01-08 19:44:43 - [TEST_STEP][PASSED] - waitForPageLoad(10): Wait for page load successfully

2023-01-08 19:44:43 - [MESSAGE][PASSED] - Wait for page load successfully

2023-01-08 19:44:43 - [TEST_STEP][PASSED] - verifyElementPresent(findTestObject("form/header"), 0): Object 'Object Repository/form/header' is present

2023-01-08 19:44:43 - [MESSAGE][WARNING] - Timeout '0' is invalid. Using default page load timeout: '30'

2023-01-08 19:44:44 - [MESSAGE][PASSED] - Object 'Object Repository/form/header' is present

2023-01-08 19:44:44 - [TEST_STEP][PASSED] - verifyElementPresent(findTestObject("form/firstName"), 0): Object 'Object Repository/form/firstName' is present

2023-01-08 19:44:44 - [MESSAGE][WARNING] - Timeout '0' is invalid. Using default page load timeout: '30'

2023-01-08 19:44:44 - [MESSAGE][PASSED] - Object 'Object Repository/form/firstName' is present

2023-01-08 19:44:44 - [TEST_STEP][PASSED] - verifyElementPresent(findTestObject("form/form_information"), 0): Object 'Object Repository/form/form_information' is present

2023-01-08 19:44:44 - [MESSAGE][WARNING] - Timeout '0' is invalid. Using default page load timeout: '30'

2023-01-08 19:44:45 - [MESSAGE][PASSED] - Object 'Object Repository/form/form_information' is present

2023-01-08 19:44:45 - [TEST_STEP][PASSED] - verifyElementPresent(findTestObject("form/input_Cancel_continue"), 0): Object 'Object Repository/form/input_Cancel_continue' is present

2023-01-08 19:44:45 - [MESSAGE][WARNING] - Timeout '0' is invalid. Using default page load timeout: '30'

2023-01-08 19:44:45 - [MESSAGE][PASSED] - Object 'Object Repository/form/input_Cancel_continue' is present

2023-01-08 19:44:45 - [TEST_STEP][PASSED] - verifyElementPresent(findTestObject("form/lastName"), 0): Object 'Object Repository/form/lastName' is present

2023-01-08 19:44:45 - [MESSAGE][WARNING] - Timeout '0' is invalid. Using default page load timeout: '30'

2023-01-08 19:44:45 - [MESSAGE][PASSED] - Object 'Object Repository/form/lastName' is present

2023-01-08 19:44:45 - [TEST_STEP][PASSED] - verifyElementPresent(findTestObject("form/postalCode"), 0): Object 'Object Repository/form/postalCode' is present

2023-01-08 19:44:45 - [MESSAGE][WARNING] - Timeout '0' is invalid. Using default page load timeout: '30'

2023-01-08 19:44:46 - [MESSAGE][PASSED] - Object 'Object Repository/form/postalCode' is present

2023-01-08 19:44:46 - [TEST_STEP][PASSED] - closeBrowser(STOP_ON_FAILURE): Browser is closed

2023-01-08 19:44:47 - [MESSAGE][PASSED] - Browser is closed]]></system-out>
         <system-err><![CDATA[]]></system-err>
      </testcase>
      <testcase name="Test Cases/Module- Checkout/Checkout succes with valid value" time="19.211" classname="Test Cases/Module- Checkout/Checkout succes with valid value" status="PASSED">
         <system-out><![CDATA[2023-01-08 19:44:47 - [TEST_CASE][PASSED] - Test Cases/Module- Checkout/Checkout succes with valid value: Test Cases/Module- Checkout/Checkout succes with valid value

2023-01-08 19:44:47 - [TEST_STEP][PASSED] - callTestCase(findTestCase("Module- Cart/Cart - Call"), [:], STOP_ON_FAILURE): Call Test Case 'Test Cases/Module- Cart/Cart - Call' successfully

2023-01-08 19:44:47 - [TEST_CASE][PASSED] - Test Cases/Module- Cart/Cart - Call: Test Cases/Module- Cart/Cart - Call

2023-01-08 19:44:47 - [TEST_STEP][PASSED] - callTestCase(findTestCase("Module- Inventory and Sort/Inventory - Call"), [:], STOP_ON_FAILURE): Call Test Case 'Test Cases/Module- Inventory and Sort/Inventory - Call' successfully

2023-01-08 19:44:47 - [TEST_CASE][PASSED] - Test Cases/Module- Inventory and Sort/Inventory - Call: Test Cases/Module- Inventory and Sort/Inventory - Call

2023-01-08 19:44:47 - [TEST_STEP][PASSED] - callTestCase(findTestCase("Module-Login/Login - Call"), ["username1":"standard_user", "username2":"problem_user", "username3":"performance_glitch_user", "password":"secret_sauce"], STOP_ON_FAILURE): Call Test Case 'Test Cases/Module-Login/Login - Call' successfully

2023-01-08 19:44:47 - [TEST_CASE][PASSED] - Test Cases/Module-Login/Login - Call: Test Cases/Module-Login/Login - Call

2023-01-08 19:44:47 - [TEST_STEP][PASSED] - openBrowser(""): Browser is opened with url: ''

2023-01-08 19:44:47 - [MESSAGE][INFO] - Starting 'Chrome' driver

2023-01-08 19:44:47 - [MESSAGE][INFO] - Action delay is set to 0 milliseconds

2023-01-08 19:44:49 - [MESSAGE][PASSED] - Browser is opened with url: ''

2023-01-08 19:44:49 - [TEST_STEP][PASSED] - navigateToUrl("https://www.saucedemo.com/"): Navigate to 'https://www.saucedemo.com/' successfully

2023-01-08 19:44:49 - [MESSAGE][PASSED] - Navigate to 'https://www.saucedemo.com/' successfully

2023-01-08 19:44:49 - [TEST_STEP][PASSED] - setText(findTestObject("Login_Page/username"), username1): Text 'standard_user' is set on object 'Object Repository/Login_Page/username'

2023-01-08 19:44:50 - [MESSAGE][PASSED] - Text 'standard_user' is set on object 'Object Repository/Login_Page/username'

2023-01-08 19:44:50 - [TEST_STEP][PASSED] - setEncryptedText(findTestObject("Login_Page/password"), "qcu24s4901FyWDTwXGr6XA=="): Text ****** has been set on object 'Object Repository/Login_Page/password'

2023-01-08 19:44:50 - [MESSAGE][PASSED] - Text ****** has been set on object 'Object Repository/Login_Page/password'

2023-01-08 19:44:50 - [TEST_STEP][PASSED] - click(findTestObject("Login_Page/btn_login")): Object: 'Object Repository/Login_Page/btn_login' is clicked on

2023-01-08 19:44:51 - [MESSAGE][PASSED] - Object: 'Object Repository/Login_Page/btn_login' is clicked on

2023-01-08 19:44:51 - [TEST_STEP][PASSED] - delay(3): Delayed 3 second(s)

2023-01-08 19:44:54 - [MESSAGE][PASSED] - Delayed 3 second(s)

2023-01-08 19:44:54 - [MESSAGE][PASSED] - Call Test Case 'Test Cases/Module-Login/Login - Call' successfully

2023-01-08 19:44:54 - [TEST_STEP][PASSED] - waitForPageLoad(10): Wait for page load successfully

2023-01-08 19:44:54 - [MESSAGE][PASSED] - Wait for page load successfully

2023-01-08 19:44:54 - [TEST_STEP][PASSED] - click(findTestObject("btn_items/items1_add to cart")): Object: 'Object Repository/btn_items/items1_add to cart' is clicked on

2023-01-08 19:44:54 - [MESSAGE][PASSED] - Object: 'Object Repository/btn_items/items1_add to cart' is clicked on

2023-01-08 19:44:54 - [TEST_STEP][PASSED] - verifyElementPresent(findTestObject("cart_counter/cart_icon1"), 5): Object 'Object Repository/cart_counter/cart_icon1' is present

2023-01-08 19:44:55 - [MESSAGE][PASSED] - Object 'Object Repository/cart_counter/cart_icon1' is present

2023-01-08 19:44:55 - [TEST_STEP][PASSED] - click(findTestObject("btn_items/items2_add to cart")): Object: 'Object Repository/btn_items/items2_add to cart' is clicked on

2023-01-08 19:44:55 - [MESSAGE][PASSED] - Object: 'Object Repository/btn_items/items2_add to cart' is clicked on

2023-01-08 19:44:55 - [TEST_STEP][PASSED] - verifyElementPresent(findTestObject("cart_counter/cart_icon2"), 5): Object 'Object Repository/cart_counter/cart_icon2' is present

2023-01-08 19:44:56 - [MESSAGE][PASSED] - Object 'Object Repository/cart_counter/cart_icon2' is present

2023-01-08 19:44:56 - [TEST_STEP][PASSED] - click(findTestObject("btn_items/items3_add to cart")): Object: 'Object Repository/btn_items/items3_add to cart' is clicked on

2023-01-08 19:44:56 - [MESSAGE][PASSED] - Object: 'Object Repository/btn_items/items3_add to cart' is clicked on

2023-01-08 19:44:56 - [TEST_STEP][PASSED] - verifyElementPresent(findTestObject("cart_counter/cart_icon3"), 5): Object 'Object Repository/cart_counter/cart_icon3' is present

2023-01-08 19:44:57 - [MESSAGE][PASSED] - Object 'Object Repository/cart_counter/cart_icon3' is present

2023-01-08 19:44:57 - [TEST_STEP][PASSED] - click(findTestObject("btn_items/items4_add to cart")): Object: 'Object Repository/btn_items/items4_add to cart' is clicked on

2023-01-08 19:44:57 - [MESSAGE][PASSED] - Object: 'Object Repository/btn_items/items4_add to cart' is clicked on

2023-01-08 19:44:57 - [TEST_STEP][PASSED] - verifyElementPresent(findTestObject("cart_counter/cart_icon4"), 5): Object 'Object Repository/cart_counter/cart_icon4' is present

2023-01-08 19:44:57 - [MESSAGE][PASSED] - Object 'Object Repository/cart_counter/cart_icon4' is present

2023-01-08 19:44:57 - [TEST_STEP][PASSED] - click(findTestObject("btn_items/items5_add to cart")): Object: 'Object Repository/btn_items/items5_add to cart' is clicked on

2023-01-08 19:44:58 - [MESSAGE][PASSED] - Object: 'Object Repository/btn_items/items5_add to cart' is clicked on

2023-01-08 19:44:58 - [TEST_STEP][PASSED] - verifyElementPresent(findTestObject("cart_counter/cart_icon5"), 5): Object 'Object Repository/cart_counter/cart_icon5' is present

2023-01-08 19:44:58 - [MESSAGE][PASSED] - Object 'Object Repository/cart_counter/cart_icon5' is present

2023-01-08 19:44:58 - [TEST_STEP][PASSED] - click(findTestObject("btn_items/items6_add to cart")): Object: 'Object Repository/btn_items/items6_add to cart' is clicked on

2023-01-08 19:44:59 - [MESSAGE][PASSED] - Object: 'Object Repository/btn_items/items6_add to cart' is clicked on

2023-01-08 19:44:59 - [TEST_STEP][PASSED] - verifyElementPresent(findTestObject("cart_counter/cart_icon6"), 5): Object 'Object Repository/cart_counter/cart_icon6' is present

2023-01-08 19:44:59 - [MESSAGE][PASSED] - Object 'Object Repository/cart_counter/cart_icon6' is present

2023-01-08 19:44:59 - [TEST_STEP][PASSED] - click(findTestObject("cart/cart")): Object: 'Object Repository/cart/cart' is clicked on

2023-01-08 19:45:00 - [MESSAGE][PASSED] - Object: 'Object Repository/cart/cart' is clicked on

2023-01-08 19:45:00 - [MESSAGE][PASSED] - Call Test Case 'Test Cases/Module- Inventory and Sort/Inventory - Call' successfully

2023-01-08 19:45:00 - [TEST_STEP][PASSED] - click(findTestObject("cart/button_Checkout")): Object: 'Object Repository/cart/button_Checkout' is clicked on

2023-01-08 19:45:00 - [MESSAGE][PASSED] - Object: 'Object Repository/cart/button_Checkout' is clicked on

2023-01-08 19:45:00 - [MESSAGE][PASSED] - Call Test Case 'Test Cases/Module- Cart/Cart - Call' successfully

2023-01-08 19:45:00 - [TEST_STEP][PASSED] - setText(findTestObject("form/firstName"), first): Text 'fajar' is set on object 'Object Repository/form/firstName'

2023-01-08 19:45:01 - [MESSAGE][PASSED] - Text 'fajar' is set on object 'Object Repository/form/firstName'

2023-01-08 19:45:01 - [TEST_STEP][PASSED] - setText(findTestObject("form/lastName"), last): Text 'triady' is set on object 'Object Repository/form/lastName'

2023-01-08 19:45:02 - [MESSAGE][PASSED] - Text 'triady' is set on object 'Object Repository/form/lastName'

2023-01-08 19:45:02 - [TEST_STEP][PASSED] - setText(findTestObject("form/postalCode"), zip): Text '213123' is set on object 'Object Repository/form/postalCode'

2023-01-08 19:45:04 - [MESSAGE][PASSED] - Text '213123' is set on object 'Object Repository/form/postalCode'

2023-01-08 19:45:04 - [TEST_STEP][PASSED] - click(findTestObject("form/input_Cancel_continue")): Object: 'Object Repository/form/input_Cancel_continue' is clicked on

2023-01-08 19:45:04 - [MESSAGE][PASSED] - Object: 'Object Repository/form/input_Cancel_continue' is clicked on

2023-01-08 19:45:04 - [TEST_STEP][PASSED] - verifyElementPresent(findTestObject("checkout2/div_Checkout Overview"), 0): Object 'Object Repository/checkout2/div_Checkout Overview' is present

2023-01-08 19:45:04 - [MESSAGE][WARNING] - Timeout '0' is invalid. Using default page load timeout: '30'

2023-01-08 19:45:05 - [MESSAGE][PASSED] - Object 'Object Repository/checkout2/div_Checkout Overview' is present

2023-01-08 19:45:05 - [TEST_STEP][PASSED] - verifyElementPresent(findTestObject("checkout2/Complete"), 0): Object 'Object Repository/checkout2/Complete' is present

2023-01-08 19:45:05 - [MESSAGE][WARNING] - Timeout '0' is invalid. Using default page load timeout: '30'

2023-01-08 19:45:05 - [MESSAGE][PASSED] - Object 'Object Repository/checkout2/Complete' is present

2023-01-08 19:45:05 - [TEST_STEP][PASSED] - closeBrowser(STOP_ON_FAILURE): Browser is closed

2023-01-08 19:45:06 - [MESSAGE][PASSED] - Browser is closed]]></system-out>
         <system-err><![CDATA[]]></system-err>
      </testcase>
      <testcase name="Test Cases/Module- Checkout/Checkout with Empty First Name" time="17.758" classname="Test Cases/Module- Checkout/Checkout with Empty First Name" status="PASSED">
         <system-out><![CDATA[2023-01-08 19:45:06 - [TEST_CASE][PASSED] - Test Cases/Module- Checkout/Checkout with Empty First Name: Test Cases/Module- Checkout/Checkout with Empty First Name

2023-01-08 19:45:06 - [TEST_STEP][PASSED] - callTestCase(findTestCase("Module- Cart/Cart - Call"), [:], STOP_ON_FAILURE): Call Test Case 'Test Cases/Module- Cart/Cart - Call' successfully

2023-01-08 19:45:06 - [TEST_CASE][PASSED] - Test Cases/Module- Cart/Cart - Call: Test Cases/Module- Cart/Cart - Call

2023-01-08 19:45:06 - [TEST_STEP][PASSED] - callTestCase(findTestCase("Module- Inventory and Sort/Inventory - Call"), [:], STOP_ON_FAILURE): Call Test Case 'Test Cases/Module- Inventory and Sort/Inventory - Call' successfully

2023-01-08 19:45:06 - [TEST_CASE][PASSED] - Test Cases/Module- Inventory and Sort/Inventory - Call: Test Cases/Module- Inventory and Sort/Inventory - Call

2023-01-08 19:45:06 - [TEST_STEP][PASSED] - callTestCase(findTestCase("Module-Login/Login - Call"), ["username1":"standard_user", "username2":"problem_user", "username3":"performance_glitch_user", "password":"secret_sauce"], STOP_ON_FAILURE): Call Test Case 'Test Cases/Module-Login/Login - Call' successfully

2023-01-08 19:45:06 - [TEST_CASE][PASSED] - Test Cases/Module-Login/Login - Call: Test Cases/Module-Login/Login - Call

2023-01-08 19:45:06 - [TEST_STEP][PASSED] - openBrowser(""): Browser is opened with url: ''

2023-01-08 19:45:06 - [MESSAGE][INFO] - Starting 'Chrome' driver

2023-01-08 19:45:06 - [MESSAGE][INFO] - Action delay is set to 0 milliseconds

2023-01-08 19:45:08 - [MESSAGE][PASSED] - Browser is opened with url: ''

2023-01-08 19:45:08 - [TEST_STEP][PASSED] - navigateToUrl("https://www.saucedemo.com/"): Navigate to 'https://www.saucedemo.com/' successfully

2023-01-08 19:45:08 - [MESSAGE][PASSED] - Navigate to 'https://www.saucedemo.com/' successfully

2023-01-08 19:45:08 - [TEST_STEP][PASSED] - setText(findTestObject("Login_Page/username"), username1): Text 'standard_user' is set on object 'Object Repository/Login_Page/username'

2023-01-08 19:45:09 - [MESSAGE][PASSED] - Text 'standard_user' is set on object 'Object Repository/Login_Page/username'

2023-01-08 19:45:09 - [TEST_STEP][PASSED] - setEncryptedText(findTestObject("Login_Page/password"), "qcu24s4901FyWDTwXGr6XA=="): Text ****** has been set on object 'Object Repository/Login_Page/password'

2023-01-08 19:45:10 - [MESSAGE][PASSED] - Text ****** has been set on object 'Object Repository/Login_Page/password'

2023-01-08 19:45:10 - [TEST_STEP][PASSED] - click(findTestObject("Login_Page/btn_login")): Object: 'Object Repository/Login_Page/btn_login' is clicked on

2023-01-08 19:45:10 - [MESSAGE][PASSED] - Object: 'Object Repository/Login_Page/btn_login' is clicked on

2023-01-08 19:45:10 - [TEST_STEP][PASSED] - delay(3): Delayed 3 second(s)

2023-01-08 19:45:13 - [MESSAGE][PASSED] - Delayed 3 second(s)

2023-01-08 19:45:13 - [MESSAGE][PASSED] - Call Test Case 'Test Cases/Module-Login/Login - Call' successfully

2023-01-08 19:45:13 - [TEST_STEP][PASSED] - waitForPageLoad(10): Wait for page load successfully

2023-01-08 19:45:13 - [MESSAGE][PASSED] - Wait for page load successfully

2023-01-08 19:45:13 - [TEST_STEP][PASSED] - click(findTestObject("btn_items/items1_add to cart")): Object: 'Object Repository/btn_items/items1_add to cart' is clicked on

2023-01-08 19:45:14 - [MESSAGE][PASSED] - Object: 'Object Repository/btn_items/items1_add to cart' is clicked on

2023-01-08 19:45:14 - [TEST_STEP][PASSED] - verifyElementPresent(findTestObject("cart_counter/cart_icon1"), 5): Object 'Object Repository/cart_counter/cart_icon1' is present

2023-01-08 19:45:14 - [MESSAGE][PASSED] - Object 'Object Repository/cart_counter/cart_icon1' is present

2023-01-08 19:45:14 - [TEST_STEP][PASSED] - click(findTestObject("btn_items/items2_add to cart")): Object: 'Object Repository/btn_items/items2_add to cart' is clicked on

2023-01-08 19:45:15 - [MESSAGE][PASSED] - Object: 'Object Repository/btn_items/items2_add to cart' is clicked on

2023-01-08 19:45:15 - [TEST_STEP][PASSED] - verifyElementPresent(findTestObject("cart_counter/cart_icon2"), 5): Object 'Object Repository/cart_counter/cart_icon2' is present

2023-01-08 19:45:15 - [MESSAGE][PASSED] - Object 'Object Repository/cart_counter/cart_icon2' is present

2023-01-08 19:45:15 - [TEST_STEP][PASSED] - click(findTestObject("btn_items/items3_add to cart")): Object: 'Object Repository/btn_items/items3_add to cart' is clicked on

2023-01-08 19:45:16 - [MESSAGE][PASSED] - Object: 'Object Repository/btn_items/items3_add to cart' is clicked on

2023-01-08 19:45:16 - [TEST_STEP][PASSED] - verifyElementPresent(findTestObject("cart_counter/cart_icon3"), 5): Object 'Object Repository/cart_counter/cart_icon3' is present

2023-01-08 19:45:16 - [MESSAGE][PASSED] - Object 'Object Repository/cart_counter/cart_icon3' is present

2023-01-08 19:45:16 - [TEST_STEP][PASSED] - click(findTestObject("btn_items/items4_add to cart")): Object: 'Object Repository/btn_items/items4_add to cart' is clicked on

2023-01-08 19:45:17 - [MESSAGE][PASSED] - Object: 'Object Repository/btn_items/items4_add to cart' is clicked on

2023-01-08 19:45:17 - [TEST_STEP][PASSED] - verifyElementPresent(findTestObject("cart_counter/cart_icon4"), 5): Object 'Object Repository/cart_counter/cart_icon4' is present

2023-01-08 19:45:17 - [MESSAGE][PASSED] - Object 'Object Repository/cart_counter/cart_icon4' is present

2023-01-08 19:45:17 - [TEST_STEP][PASSED] - click(findTestObject("btn_items/items5_add to cart")): Object: 'Object Repository/btn_items/items5_add to cart' is clicked on

2023-01-08 19:45:17 - [MESSAGE][PASSED] - Object: 'Object Repository/btn_items/items5_add to cart' is clicked on

2023-01-08 19:45:17 - [TEST_STEP][PASSED] - verifyElementPresent(findTestObject("cart_counter/cart_icon5"), 5): Object 'Object Repository/cart_counter/cart_icon5' is present

2023-01-08 19:45:18 - [MESSAGE][PASSED] - Object 'Object Repository/cart_counter/cart_icon5' is present

2023-01-08 19:45:18 - [TEST_STEP][PASSED] - click(findTestObject("btn_items/items6_add to cart")): Object: 'Object Repository/btn_items/items6_add to cart' is clicked on

2023-01-08 19:45:18 - [MESSAGE][PASSED] - Object: 'Object Repository/btn_items/items6_add to cart' is clicked on

2023-01-08 19:45:18 - [TEST_STEP][PASSED] - verifyElementPresent(findTestObject("cart_counter/cart_icon6"), 5): Object 'Object Repository/cart_counter/cart_icon6' is present

2023-01-08 19:45:19 - [MESSAGE][PASSED] - Object 'Object Repository/cart_counter/cart_icon6' is present

2023-01-08 19:45:19 - [TEST_STEP][PASSED] - click(findTestObject("cart/cart")): Object: 'Object Repository/cart/cart' is clicked on

2023-01-08 19:45:19 - [MESSAGE][PASSED] - Object: 'Object Repository/cart/cart' is clicked on

2023-01-08 19:45:19 - [MESSAGE][PASSED] - Call Test Case 'Test Cases/Module- Inventory and Sort/Inventory - Call' successfully

2023-01-08 19:45:19 - [TEST_STEP][PASSED] - click(findTestObject("cart/button_Checkout")): Object: 'Object Repository/cart/button_Checkout' is clicked on

2023-01-08 19:45:20 - [MESSAGE][PASSED] - Object: 'Object Repository/cart/button_Checkout' is clicked on

2023-01-08 19:45:20 - [MESSAGE][PASSED] - Call Test Case 'Test Cases/Module- Cart/Cart - Call' successfully

2023-01-08 19:45:20 - [TEST_STEP][PASSED] - setText(findTestObject("form/lastName"), last): Text 'triady' is set on object 'Object Repository/form/lastName'

2023-01-08 19:45:21 - [MESSAGE][PASSED] - Text 'triady' is set on object 'Object Repository/form/lastName'

2023-01-08 19:45:21 - [TEST_STEP][PASSED] - setText(findTestObject("form/postalCode"), zip): Text '213123' is set on object 'Object Repository/form/postalCode'

2023-01-08 19:45:22 - [MESSAGE][PASSED] - Text '213123' is set on object 'Object Repository/form/postalCode'

2023-01-08 19:45:22 - [TEST_STEP][PASSED] - click(findTestObject("form/input_Cancel_continue")): Object: 'Object Repository/form/input_Cancel_continue' is clicked on

2023-01-08 19:45:22 - [MESSAGE][PASSED] - Object: 'Object Repository/form/input_Cancel_continue' is clicked on

2023-01-08 19:45:22 - [TEST_STEP][PASSED] - verifyElementPresent(findTestObject("err-message/err-First Name is required"), 5): Object 'Object Repository/err-message/err-First Name is required' is present

2023-01-08 19:45:23 - [MESSAGE][PASSED] - Object 'Object Repository/err-message/err-First Name is required' is present

2023-01-08 19:45:23 - [TEST_STEP][PASSED] - closeBrowser(STOP_ON_FAILURE): Browser is closed

2023-01-08 19:45:24 - [MESSAGE][PASSED] - Browser is closed]]></system-out>
         <system-err><![CDATA[]]></system-err>
      </testcase>
      <testcase name="Test Cases/Module- Checkout/Checkout with Empty Last Name" time="17.111" classname="Test Cases/Module- Checkout/Checkout with Empty Last Name" status="PASSED">
         <system-out><![CDATA[2023-01-08 19:45:24 - [TEST_CASE][PASSED] - Test Cases/Module- Checkout/Checkout with Empty Last Name: Test Cases/Module- Checkout/Checkout with Empty Last Name

2023-01-08 19:45:24 - [TEST_STEP][PASSED] - callTestCase(findTestCase("Module- Cart/Cart - Call"), [:], STOP_ON_FAILURE): Call Test Case 'Test Cases/Module- Cart/Cart - Call' successfully

2023-01-08 19:45:24 - [TEST_CASE][PASSED] - Test Cases/Module- Cart/Cart - Call: Test Cases/Module- Cart/Cart - Call

2023-01-08 19:45:24 - [TEST_STEP][PASSED] - callTestCase(findTestCase("Module- Inventory and Sort/Inventory - Call"), [:], STOP_ON_FAILURE): Call Test Case 'Test Cases/Module- Inventory and Sort/Inventory - Call' successfully

2023-01-08 19:45:24 - [TEST_CASE][PASSED] - Test Cases/Module- Inventory and Sort/Inventory - Call: Test Cases/Module- Inventory and Sort/Inventory - Call

2023-01-08 19:45:24 - [TEST_STEP][PASSED] - callTestCase(findTestCase("Module-Login/Login - Call"), ["username1":"standard_user", "username2":"problem_user", "username3":"performance_glitch_user", "password":"secret_sauce"], STOP_ON_FAILURE): Call Test Case 'Test Cases/Module-Login/Login - Call' successfully

2023-01-08 19:45:24 - [TEST_CASE][PASSED] - Test Cases/Module-Login/Login - Call: Test Cases/Module-Login/Login - Call

2023-01-08 19:45:24 - [TEST_STEP][PASSED] - openBrowser(""): Browser is opened with url: ''

2023-01-08 19:45:24 - [MESSAGE][INFO] - Starting 'Chrome' driver

2023-01-08 19:45:24 - [MESSAGE][INFO] - Action delay is set to 0 milliseconds

2023-01-08 19:45:26 - [MESSAGE][PASSED] - Browser is opened with url: ''

2023-01-08 19:45:26 - [TEST_STEP][PASSED] - navigateToUrl("https://www.saucedemo.com/"): Navigate to 'https://www.saucedemo.com/' successfully

2023-01-08 19:45:26 - [MESSAGE][PASSED] - Navigate to 'https://www.saucedemo.com/' successfully

2023-01-08 19:45:26 - [TEST_STEP][PASSED] - setText(findTestObject("Login_Page/username"), username1): Text 'standard_user' is set on object 'Object Repository/Login_Page/username'

2023-01-08 19:45:27 - [MESSAGE][PASSED] - Text 'standard_user' is set on object 'Object Repository/Login_Page/username'

2023-01-08 19:45:27 - [TEST_STEP][PASSED] - setEncryptedText(findTestObject("Login_Page/password"), "qcu24s4901FyWDTwXGr6XA=="): Text ****** has been set on object 'Object Repository/Login_Page/password'

2023-01-08 19:45:27 - [MESSAGE][PASSED] - Text ****** has been set on object 'Object Repository/Login_Page/password'

2023-01-08 19:45:27 - [TEST_STEP][PASSED] - click(findTestObject("Login_Page/btn_login")): Object: 'Object Repository/Login_Page/btn_login' is clicked on

2023-01-08 19:45:28 - [MESSAGE][PASSED] - Object: 'Object Repository/Login_Page/btn_login' is clicked on

2023-01-08 19:45:28 - [TEST_STEP][PASSED] - delay(3): Delayed 3 second(s)

2023-01-08 19:45:31 - [MESSAGE][PASSED] - Delayed 3 second(s)

2023-01-08 19:45:31 - [MESSAGE][PASSED] - Call Test Case 'Test Cases/Module-Login/Login - Call' successfully

2023-01-08 19:45:31 - [TEST_STEP][PASSED] - waitForPageLoad(10): Wait for page load successfully

2023-01-08 19:45:31 - [MESSAGE][PASSED] - Wait for page load successfully

2023-01-08 19:45:31 - [TEST_STEP][PASSED] - click(findTestObject("btn_items/items1_add to cart")): Object: 'Object Repository/btn_items/items1_add to cart' is clicked on

2023-01-08 19:45:31 - [MESSAGE][PASSED] - Object: 'Object Repository/btn_items/items1_add to cart' is clicked on

2023-01-08 19:45:31 - [TEST_STEP][PASSED] - verifyElementPresent(findTestObject("cart_counter/cart_icon1"), 5): Object 'Object Repository/cart_counter/cart_icon1' is present

2023-01-08 19:45:32 - [MESSAGE][PASSED] - Object 'Object Repository/cart_counter/cart_icon1' is present

2023-01-08 19:45:32 - [TEST_STEP][PASSED] - click(findTestObject("btn_items/items2_add to cart")): Object: 'Object Repository/btn_items/items2_add to cart' is clicked on

2023-01-08 19:45:32 - [MESSAGE][PASSED] - Object: 'Object Repository/btn_items/items2_add to cart' is clicked on

2023-01-08 19:45:32 - [TEST_STEP][PASSED] - verifyElementPresent(findTestObject("cart_counter/cart_icon2"), 5): Object 'Object Repository/cart_counter/cart_icon2' is present

2023-01-08 19:45:33 - [MESSAGE][PASSED] - Object 'Object Repository/cart_counter/cart_icon2' is present

2023-01-08 19:45:33 - [TEST_STEP][PASSED] - click(findTestObject("btn_items/items3_add to cart")): Object: 'Object Repository/btn_items/items3_add to cart' is clicked on

2023-01-08 19:45:33 - [MESSAGE][PASSED] - Object: 'Object Repository/btn_items/items3_add to cart' is clicked on

2023-01-08 19:45:33 - [TEST_STEP][PASSED] - verifyElementPresent(findTestObject("cart_counter/cart_icon3"), 5): Object 'Object Repository/cart_counter/cart_icon3' is present

2023-01-08 19:45:33 - [MESSAGE][PASSED] - Object 'Object Repository/cart_counter/cart_icon3' is present

2023-01-08 19:45:33 - [TEST_STEP][PASSED] - click(findTestObject("btn_items/items4_add to cart")): Object: 'Object Repository/btn_items/items4_add to cart' is clicked on

2023-01-08 19:45:34 - [MESSAGE][PASSED] - Object: 'Object Repository/btn_items/items4_add to cart' is clicked on

2023-01-08 19:45:34 - [TEST_STEP][PASSED] - verifyElementPresent(findTestObject("cart_counter/cart_icon4"), 5): Object 'Object Repository/cart_counter/cart_icon4' is present

2023-01-08 19:45:34 - [MESSAGE][PASSED] - Object 'Object Repository/cart_counter/cart_icon4' is present

2023-01-08 19:45:34 - [TEST_STEP][PASSED] - click(findTestObject("btn_items/items5_add to cart")): Object: 'Object Repository/btn_items/items5_add to cart' is clicked on

2023-01-08 19:45:35 - [MESSAGE][PASSED] - Object: 'Object Repository/btn_items/items5_add to cart' is clicked on

2023-01-08 19:45:35 - [TEST_STEP][PASSED] - verifyElementPresent(findTestObject("cart_counter/cart_icon5"), 5): Object 'Object Repository/cart_counter/cart_icon5' is present

2023-01-08 19:45:35 - [MESSAGE][PASSED] - Object 'Object Repository/cart_counter/cart_icon5' is present

2023-01-08 19:45:35 - [TEST_STEP][PASSED] - click(findTestObject("btn_items/items6_add to cart")): Object: 'Object Repository/btn_items/items6_add to cart' is clicked on

2023-01-08 19:45:36 - [MESSAGE][PASSED] - Object: 'Object Repository/btn_items/items6_add to cart' is clicked on

2023-01-08 19:45:36 - [TEST_STEP][PASSED] - verifyElementPresent(findTestObject("cart_counter/cart_icon6"), 5): Object 'Object Repository/cart_counter/cart_icon6' is present

2023-01-08 19:45:36 - [MESSAGE][PASSED] - Object 'Object Repository/cart_counter/cart_icon6' is present

2023-01-08 19:45:36 - [TEST_STEP][PASSED] - click(findTestObject("cart/cart")): Object: 'Object Repository/cart/cart' is clicked on

2023-01-08 19:45:37 - [MESSAGE][PASSED] - Object: 'Object Repository/cart/cart' is clicked on

2023-01-08 19:45:37 - [MESSAGE][PASSED] - Call Test Case 'Test Cases/Module- Inventory and Sort/Inventory - Call' successfully

2023-01-08 19:45:37 - [TEST_STEP][PASSED] - click(findTestObject("cart/button_Checkout")): Object: 'Object Repository/cart/button_Checkout' is clicked on

2023-01-08 19:45:37 - [MESSAGE][PASSED] - Object: 'Object Repository/cart/button_Checkout' is clicked on

2023-01-08 19:45:37 - [MESSAGE][PASSED] - Call Test Case 'Test Cases/Module- Cart/Cart - Call' successfully

2023-01-08 19:45:37 - [TEST_STEP][PASSED] - setText(findTestObject("form/firstName"), first): Text 'fajar' is set on object 'Object Repository/form/firstName'

2023-01-08 19:45:38 - [MESSAGE][PASSED] - Text 'fajar' is set on object 'Object Repository/form/firstName'

2023-01-08 19:45:38 - [TEST_STEP][PASSED] - setText(findTestObject("form/postalCode"), zip): Text '213123' is set on object 'Object Repository/form/postalCode'

2023-01-08 19:45:39 - [MESSAGE][PASSED] - Text '213123' is set on object 'Object Repository/form/postalCode'

2023-01-08 19:45:39 - [TEST_STEP][PASSED] - click(findTestObject("form/input_Cancel_continue")): Object: 'Object Repository/form/input_Cancel_continue' is clicked on

2023-01-08 19:45:39 - [MESSAGE][PASSED] - Object: 'Object Repository/form/input_Cancel_continue' is clicked on

2023-01-08 19:45:39 - [TEST_STEP][PASSED] - verifyElementPresent(findTestObject("err-message/err-Last Name is required"), 5): Object 'Object Repository/err-message/err-Last Name is required' is present

2023-01-08 19:45:40 - [MESSAGE][PASSED] - Object 'Object Repository/err-message/err-Last Name is required' is present

2023-01-08 19:45:40 - [TEST_STEP][PASSED] - closeBrowser(STOP_ON_FAILURE): Browser is closed

2023-01-08 19:45:41 - [MESSAGE][PASSED] - Browser is closed]]></system-out>
         <system-err><![CDATA[]]></system-err>
      </testcase>
      <testcase name="Test Cases/Module- Checkout/Checkout with Empty Zip or Postal Code" time="17.569" classname="Test Cases/Module- Checkout/Checkout with Empty Zip or Postal Code" status="PASSED">
         <system-out><![CDATA[2023-01-08 19:45:41 - [TEST_CASE][PASSED] - Test Cases/Module- Checkout/Checkout with Empty Zip or Postal Code: Test Cases/Module- Checkout/Checkout with Empty Zip or Postal Code

2023-01-08 19:45:41 - [TEST_STEP][PASSED] - callTestCase(findTestCase("Module- Cart/Cart - Call"), [:], STOP_ON_FAILURE): Call Test Case 'Test Cases/Module- Cart/Cart - Call' successfully

2023-01-08 19:45:41 - [TEST_CASE][PASSED] - Test Cases/Module- Cart/Cart - Call: Test Cases/Module- Cart/Cart - Call

2023-01-08 19:45:41 - [TEST_STEP][PASSED] - callTestCase(findTestCase("Module- Inventory and Sort/Inventory - Call"), [:], STOP_ON_FAILURE): Call Test Case 'Test Cases/Module- Inventory and Sort/Inventory - Call' successfully

2023-01-08 19:45:41 - [TEST_CASE][PASSED] - Test Cases/Module- Inventory and Sort/Inventory - Call: Test Cases/Module- Inventory and Sort/Inventory - Call

2023-01-08 19:45:41 - [TEST_STEP][PASSED] - callTestCase(findTestCase("Module-Login/Login - Call"), ["username1":"standard_user", "username2":"problem_user", "username3":"performance_glitch_user", "password":"secret_sauce"], STOP_ON_FAILURE): Call Test Case 'Test Cases/Module-Login/Login - Call' successfully

2023-01-08 19:45:41 - [TEST_CASE][PASSED] - Test Cases/Module-Login/Login - Call: Test Cases/Module-Login/Login - Call

2023-01-08 19:45:41 - [TEST_STEP][PASSED] - openBrowser(""): Browser is opened with url: ''

2023-01-08 19:45:41 - [MESSAGE][INFO] - Starting 'Chrome' driver

2023-01-08 19:45:41 - [MESSAGE][INFO] - Action delay is set to 0 milliseconds

2023-01-08 19:45:43 - [MESSAGE][PASSED] - Browser is opened with url: ''

2023-01-08 19:45:43 - [TEST_STEP][PASSED] - navigateToUrl("https://www.saucedemo.com/"): Navigate to 'https://www.saucedemo.com/' successfully

2023-01-08 19:45:43 - [MESSAGE][PASSED] - Navigate to 'https://www.saucedemo.com/' successfully

2023-01-08 19:45:43 - [TEST_STEP][PASSED] - setText(findTestObject("Login_Page/username"), username1): Text 'standard_user' is set on object 'Object Repository/Login_Page/username'

2023-01-08 19:45:44 - [MESSAGE][PASSED] - Text 'standard_user' is set on object 'Object Repository/Login_Page/username'

2023-01-08 19:45:44 - [TEST_STEP][PASSED] - setEncryptedText(findTestObject("Login_Page/password"), "qcu24s4901FyWDTwXGr6XA=="): Text ****** has been set on object 'Object Repository/Login_Page/password'

2023-01-08 19:45:45 - [MESSAGE][PASSED] - Text ****** has been set on object 'Object Repository/Login_Page/password'

2023-01-08 19:45:45 - [TEST_STEP][PASSED] - click(findTestObject("Login_Page/btn_login")): Object: 'Object Repository/Login_Page/btn_login' is clicked on

2023-01-08 19:45:45 - [MESSAGE][PASSED] - Object: 'Object Repository/Login_Page/btn_login' is clicked on

2023-01-08 19:45:45 - [TEST_STEP][PASSED] - delay(3): Delayed 3 second(s)

2023-01-08 19:45:48 - [MESSAGE][PASSED] - Delayed 3 second(s)

2023-01-08 19:45:48 - [MESSAGE][PASSED] - Call Test Case 'Test Cases/Module-Login/Login - Call' successfully

2023-01-08 19:45:48 - [TEST_STEP][PASSED] - waitForPageLoad(10): Wait for page load successfully

2023-01-08 19:45:48 - [MESSAGE][PASSED] - Wait for page load successfully

2023-01-08 19:45:48 - [TEST_STEP][PASSED] - click(findTestObject("btn_items/items1_add to cart")): Object: 'Object Repository/btn_items/items1_add to cart' is clicked on

2023-01-08 19:45:49 - [MESSAGE][PASSED] - Object: 'Object Repository/btn_items/items1_add to cart' is clicked on

2023-01-08 19:45:49 - [TEST_STEP][PASSED] - verifyElementPresent(findTestObject("cart_counter/cart_icon1"), 5): Object 'Object Repository/cart_counter/cart_icon1' is present

2023-01-08 19:45:49 - [MESSAGE][PASSED] - Object 'Object Repository/cart_counter/cart_icon1' is present

2023-01-08 19:45:49 - [TEST_STEP][PASSED] - click(findTestObject("btn_items/items2_add to cart")): Object: 'Object Repository/btn_items/items2_add to cart' is clicked on

2023-01-08 19:45:50 - [MESSAGE][PASSED] - Object: 'Object Repository/btn_items/items2_add to cart' is clicked on

2023-01-08 19:45:50 - [TEST_STEP][PASSED] - verifyElementPresent(findTestObject("cart_counter/cart_icon2"), 5): Object 'Object Repository/cart_counter/cart_icon2' is present

2023-01-08 19:45:50 - [MESSAGE][PASSED] - Object 'Object Repository/cart_counter/cart_icon2' is present

2023-01-08 19:45:50 - [TEST_STEP][PASSED] - click(findTestObject("btn_items/items3_add to cart")): Object: 'Object Repository/btn_items/items3_add to cart' is clicked on

2023-01-08 19:45:50 - [MESSAGE][PASSED] - Object: 'Object Repository/btn_items/items3_add to cart' is clicked on

2023-01-08 19:45:50 - [TEST_STEP][PASSED] - verifyElementPresent(findTestObject("cart_counter/cart_icon3"), 5): Object 'Object Repository/cart_counter/cart_icon3' is present

2023-01-08 19:45:51 - [MESSAGE][PASSED] - Object 'Object Repository/cart_counter/cart_icon3' is present

2023-01-08 19:45:51 - [TEST_STEP][PASSED] - click(findTestObject("btn_items/items4_add to cart")): Object: 'Object Repository/btn_items/items4_add to cart' is clicked on

2023-01-08 19:45:51 - [MESSAGE][PASSED] - Object: 'Object Repository/btn_items/items4_add to cart' is clicked on

2023-01-08 19:45:51 - [TEST_STEP][PASSED] - verifyElementPresent(findTestObject("cart_counter/cart_icon4"), 5): Object 'Object Repository/cart_counter/cart_icon4' is present

2023-01-08 19:45:52 - [MESSAGE][PASSED] - Object 'Object Repository/cart_counter/cart_icon4' is present

2023-01-08 19:45:52 - [TEST_STEP][PASSED] - click(findTestObject("btn_items/items5_add to cart")): Object: 'Object Repository/btn_items/items5_add to cart' is clicked on

2023-01-08 19:45:52 - [MESSAGE][PASSED] - Object: 'Object Repository/btn_items/items5_add to cart' is clicked on

2023-01-08 19:45:52 - [TEST_STEP][PASSED] - verifyElementPresent(findTestObject("cart_counter/cart_icon5"), 5): Object 'Object Repository/cart_counter/cart_icon5' is present

2023-01-08 19:45:53 - [MESSAGE][PASSED] - Object 'Object Repository/cart_counter/cart_icon5' is present

2023-01-08 19:45:53 - [TEST_STEP][PASSED] - click(findTestObject("btn_items/items6_add to cart")): Object: 'Object Repository/btn_items/items6_add to cart' is clicked on

2023-01-08 19:45:53 - [MESSAGE][PASSED] - Object: 'Object Repository/btn_items/items6_add to cart' is clicked on

2023-01-08 19:45:53 - [TEST_STEP][PASSED] - verifyElementPresent(findTestObject("cart_counter/cart_icon6"), 5): Object 'Object Repository/cart_counter/cart_icon6' is present

2023-01-08 19:45:54 - [MESSAGE][PASSED] - Object 'Object Repository/cart_counter/cart_icon6' is present

2023-01-08 19:45:54 - [TEST_STEP][PASSED] - click(findTestObject("cart/cart")): Object: 'Object Repository/cart/cart' is clicked on

2023-01-08 19:45:54 - [MESSAGE][PASSED] - Object: 'Object Repository/cart/cart' is clicked on

2023-01-08 19:45:54 - [MESSAGE][PASSED] - Call Test Case 'Test Cases/Module- Inventory and Sort/Inventory - Call' successfully

2023-01-08 19:45:54 - [TEST_STEP][PASSED] - click(findTestObject("cart/button_Checkout")): Object: 'Object Repository/cart/button_Checkout' is clicked on

2023-01-08 19:45:55 - [MESSAGE][PASSED] - Object: 'Object Repository/cart/button_Checkout' is clicked on

2023-01-08 19:45:55 - [MESSAGE][PASSED] - Call Test Case 'Test Cases/Module- Cart/Cart - Call' successfully

2023-01-08 19:45:55 - [TEST_STEP][PASSED] - setText(findTestObject("form/lastName"), first): Text 'fajar' is set on object 'Object Repository/form/lastName'

2023-01-08 19:45:55 - [MESSAGE][PASSED] - Text 'fajar' is set on object 'Object Repository/form/lastName'

2023-01-08 19:45:55 - [TEST_STEP][PASSED] - setText(findTestObject("form/lastName"), last): Text 'putra' is set on object 'Object Repository/form/lastName'

2023-01-08 19:45:56 - [MESSAGE][PASSED] - Text 'putra' is set on object 'Object Repository/form/lastName'

2023-01-08 19:45:56 - [TEST_STEP][PASSED] - click(findTestObject("form/input_Cancel_continue")): Object: 'Object Repository/form/input_Cancel_continue' is clicked on

2023-01-08 19:45:57 - [MESSAGE][PASSED] - Object: 'Object Repository/form/input_Cancel_continue' is clicked on

2023-01-08 19:45:57 - [TEST_STEP][PASSED] - verifyElementPresent(findTestObject("err-message/err-Postal Code is required"), 5): Object 'Object Repository/err-message/err-Postal Code is required' is present

2023-01-08 19:45:57 - [MESSAGE][PASSED] - Object 'Object Repository/err-message/err-Postal Code is required' is present

2023-01-08 19:45:57 - [TEST_STEP][PASSED] - closeBrowser(STOP_ON_FAILURE): Browser is closed

2023-01-08 19:45:58 - [MESSAGE][PASSED] - Browser is closed]]></system-out>
         <system-err><![CDATA[]]></system-err>
      </testcase>
      <system-out><![CDATA[2023-01-08 19:40:19 - [TEST_SUITE][PASSED] - All Testcase: Test Cases/Module- Checkout/Checkout with Empty Zip or Postal Code]]></system-out>
      <system-err><![CDATA[]]></system-err>
   </testsuite>
</testsuites>
